Unity Editor version:    2021.3.22f1 (b6c551784ba3)
Branch:                  2021.3/staging
Build type:              Release
Batch mode:              YES
macOS version:           Version 14.0 (Build 23A344)
Darwin version:          23.0.0
Architecture:            arm64
Running under Rosetta:   NO
Available memory:        16384 MB
Using pre-set license
Pro License: YES

COMMAND LINE ARGUMENTS:
/Applications/Unity/Hub/Editor/2021.3.22f1/Unity.app/Contents/MacOS/Unity
-adb2
-batchMode
-noUpm
-name
AssetImportWorker0
-projectPath
/Users/jonathan/FPS Microgame
-logFile
Logs/AssetImportWorker0.log
-srvPort
50013
Successfully changed project path to: /Users/jonathan/FPS Microgame
/Users/jonathan/FPS Microgame
[UnityMemory] Configuration Parameters - Can be set up in boot.config
    "memorysetup-bucket-allocator-granularity=16"
    "memorysetup-bucket-allocator-bucket-count=8"
    "memorysetup-bucket-allocator-block-size=33554432"
    "memorysetup-bucket-allocator-block-count=8"
    "memorysetup-main-allocator-block-size=16777216"
    "memorysetup-thread-allocator-block-size=16777216"
    "memorysetup-gfx-main-allocator-block-size=16777216"
    "memorysetup-gfx-thread-allocator-block-size=16777216"
    "memorysetup-cache-allocator-block-size=4194304"
    "memorysetup-typetree-allocator-block-size=2097152"
    "memorysetup-profiler-bucket-allocator-granularity=16"
    "memorysetup-profiler-bucket-allocator-bucket-count=8"
    "memorysetup-profiler-bucket-allocator-block-size=33554432"
    "memorysetup-profiler-bucket-allocator-block-count=8"
    "memorysetup-profiler-allocator-block-size=16777216"
    "memorysetup-profiler-editor-allocator-block-size=1048576"
    "memorysetup-temp-allocator-size-main=16777216"
    "memorysetup-job-temp-allocator-block-size=2097152"
    "memorysetup-job-temp-allocator-block-size-background=1048576"
    "memorysetup-job-temp-allocator-reduction-small-platforms=262144"
    "memorysetup-temp-allocator-size-background-worker=32768"
    "memorysetup-temp-allocator-size-job-worker=262144"
    "memorysetup-temp-allocator-size-preload-manager=33554432"
    "memorysetup-temp-allocator-size-nav-mesh-worker=65536"
    "memorysetup-temp-allocator-size-audio-worker=65536"
    "memorysetup-temp-allocator-size-cloud-worker=32768"
    "memorysetup-temp-allocator-size-gi-baking-worker=262144"
    "memorysetup-temp-allocator-size-gfx=262144"
Player connection [8117359360] Host "[IP] 128.61.46.226 [Port] 0 [Flags] 2 [Guid] 3021165482 [EditorId] 3021165482 [Version] 1048832 [Id] OSXEditor(0,lawn-128-61-46-226.lawn.gatech.edu) [Debug] 1 [PackageName] OSXEditor [ProjectName] Editor" joined multi-casting on [225.0.0.222:54997]...

Player connection [8117359360] Host "[IP] 128.61.46.226 [Port] 0 [Flags] 2 [Guid] 3021165482 [EditorId] 3021165482 [Version] 1048832 [Id] OSXEditor(0,lawn-128-61-46-226.lawn.gatech.edu) [Debug] 1 [PackageName] OSXEditor [ProjectName] Editor" joined alternative multi-casting on [225.0.0.222:34997]...

Refreshing native plugins compatible for Editor in 68.41 ms, found 2 plugins.
Preloading 0 native plugins for Editor in 0.00 ms.
Initialize engine version: 2021.3.22f1 (b6c551784ba3)
[Subsystems] Discovering subsystems at path /Applications/Unity/Hub/Editor/2021.3.22f1/Unity.app/Contents/Resources/UnitySubsystems
[Subsystems] Discovering subsystems at path /Users/jonathan/FPS Microgame/Assets
GfxDevice: creating device client; threaded=0; jobified=0
 preferred device: Apple M1 Pro (high power)
Metal devices available: 1
0: Apple M1 Pro (high power)
Using device Apple M1 Pro (high power)
Initializing Metal device caps: Apple M1 Pro
Initialize mono
Mono path[0] = '/Applications/Unity/Hub/Editor/2021.3.22f1/Unity.app/Contents/Managed'
Mono path[1] = '/Applications/Unity/Hub/Editor/2021.3.22f1/Unity.app/Contents/MonoBleedingEdge/lib/mono/unityjit-macos'
Mono config path = '/Applications/Unity/Hub/Editor/2021.3.22f1/Unity.app/Contents/MonoBleedingEdge/etc'
Using monoOptions --debugger-agent=transport=dt_socket,embedding=1,server=y,suspend=n,address=127.0.0.1:56914
Begin MonoManager ReloadAssembly
Registering precompiled unity dll's ...
Register platform support module: /Applications/Unity/Hub/Editor/2021.3.22f1/PlaybackEngines/WebGLSupport/UnityEditor.WebGL.Extensions.dll
Register platform support module: /Applications/Unity/Hub/Editor/2021.3.22f1/Unity.app/Contents/PlaybackEngines/MacStandaloneSupport/UnityEditor.OSXStandalone.Extensions.dll
Register platform support module: /Applications/Unity/Hub/Editor/2021.3.22f1/PlaybackEngines/AndroidPlayer/UnityEditor.Android.Extensions.dll
Registered in 0.000741 seconds.
Native extension for Android target not found
Android Extension - Scanning For ADB Devices 76 ms
Native extension for OSXStandalone target not found
Native extension for WebGL target not found
Refreshing native plugins compatible for Editor in 67.72 ms, found 2 plugins.
Preloading 0 native plugins for Editor in 0.00 ms.
Mono: successfully reloaded assembly
- Completed reload, in  0.481 seconds
Domain Reload Profiling:
	ReloadAssembly (482ms)
		BeginReloadAssembly (37ms)
			ExecutionOrderSort (0ms)
			DisableScriptedObjects (0ms)
			BackupInstance (0ms)
			ReleaseScriptingObjects (0ms)
			CreateAndSetChildDomain (0ms)
		EndReloadAssembly (387ms)
			LoadAssemblies (36ms)
			RebuildTransferFunctionScriptingTraits (0ms)
			SetupTypeCache (72ms)
			ReleaseScriptCaches (0ms)
			RebuildScriptCaches (20ms)
			SetupLoadedEditorAssemblies (268ms)
				LogAssemblyErrors (0ms)
				InitializePlatformSupportModulesInManaged (127ms)
				SetLoadedEditorAssemblies (0ms)
				RefreshPlugins (68ms)
				BeforeProcessingInitializeOnLoad (1ms)
				ProcessInitializeOnLoadAttributes (49ms)
				ProcessInitializeOnLoadMethodAttributes (24ms)
				AfterProcessingInitializeOnLoad (0ms)
				EditorAssembliesLoaded (0ms)
			ExecutionOrderSort2 (0ms)
			AwakeInstancesAfterBackupRestoration (0ms)
Platform modules already initialized, skipping
Registering precompiled user dll's ...
Registered in 0.001506 seconds.
Begin MonoManager ReloadAssembly
Native extension for Android target not found
Native extension for OSXStandalone target not found
Native extension for WebGL target not found
Refreshing native plugins compatible for Editor in 70.20 ms, found 2 plugins.
Preloading 0 native plugins for Editor in 0.00 ms.
Mono: successfully reloaded assembly
- Completed reload, in  0.863 seconds
Domain Reload Profiling:
	ReloadAssembly (863ms)
		BeginReloadAssembly (70ms)
			ExecutionOrderSort (0ms)
			DisableScriptedObjects (4ms)
			BackupInstance (0ms)
			ReleaseScriptingObjects (0ms)
			CreateAndSetChildDomain (18ms)
		EndReloadAssembly (729ms)
			LoadAssemblies (46ms)
			RebuildTransferFunctionScriptingTraits (0ms)
			SetupTypeCache (193ms)
			ReleaseScriptCaches (0ms)
			RebuildScriptCaches (45ms)
			SetupLoadedEditorAssemblies (409ms)
				LogAssemblyErrors (0ms)
				InitializePlatformSupportModulesInManaged (9ms)
				SetLoadedEditorAssemblies (0ms)
				RefreshPlugins (70ms)
				BeforeProcessingInitializeOnLoad (78ms)
				ProcessInitializeOnLoadAttributes (145ms)
				ProcessInitializeOnLoadMethodAttributes (106ms)
				AfterProcessingInitializeOnLoad (1ms)
				EditorAssembliesLoaded (0ms)
			ExecutionOrderSort2 (0ms)
			AwakeInstancesAfterBackupRestoration (2ms)
Platform modules already initialized, skipping
========================================================================
Worker process is ready to serve import requests
Launching external process: /Applications/Unity/Hub/Editor/2021.3.22f1/Unity.app/Contents/Tools/UnityShaderCompiler
Launched and connected shader compiler UnityShaderCompiler after 0.05 seconds
Refreshing native plugins compatible for Editor in 0.73 ms, found 2 plugins.
Preloading 0 native plugins for Editor in 0.00 ms.
Unloading 4692 Unused Serialized files (Serialized files now loaded: 0)
Unloading 63 unused Assets / (1.4 MB). Loaded Objects now: 5130.
Memory consumption went from 196.5 MB to 195.1 MB.
Total: 5.888208 ms (FindLiveObjects: 0.159125 ms CreateObjectMapping: 0.061959 ms MarkObjects: 5.233292 ms  DeleteObjects: 0.432625 ms)

AssetImportParameters requested are different than current active one (requested -> active):
  custom:video-decoder-ogg-theora: a1e56fd34408186e4bbccfd4996cb3dc -> 
  custom:container-muxer-webm: aa71ff27fc2769a1b78a27578f13a17b -> 
  custom:container-demuxer-webm: 4f35f7cbe854078d1ac9338744f61a02 -> 
  custom:video-encoder-webm-vp8: eb34c28f22e8b96e1ab97ce403110664 -> 
  custom:framework-osx-AVFoundation: e770b220cccbd017edd2c1fefb359320 -> 
  custom:audio-encoder-webm-vorbis: bf7c407c2cedff20999df2af8eb42d56 -> 
  custom:container-demuxer-ogg: 62fdf1f143b41e24485cea50d1cbac27 -> 
  custom:video-decoder-webm-vp8: 9c59270c3fd7afecdb556c50c9e8de78 -> 
  custom:audio-decoder-ogg-vorbis: bf7c407c2cedff20999df2af8eb42d56 -> 
========================================================================
Received Import Request.
  Time since last request: 954728.249382 seconds.
  path: Assets/UniversalRenderPipelineGlobalSettings.asset
  artifactKey: Guid(76c98309ae61cd243932c14e893ccd2f) Importer(815301076,1909f56bfc062723c751e8b465ee728b)
Start importing Assets/UniversalRenderPipelineGlobalSettings.asset using Guid(76c98309ae61cd243932c14e893ccd2f) Importer(815301076,1909f56bfc062723c751e8b465ee728b)  -> (artifact id: 'fe25ddaec19ae9a60fc566ac7fbeeda6') in 0.078033 seconds 
========================================================================
Received Prepare
Registering precompiled user dll's ...
Registered in 0.001633 seconds.
Begin MonoManager ReloadAssembly
Thread 0x297cbf000 may have been prematurely finalized
Native extension for Android target not found
Native extension for OSXStandalone target not found
Native extension for WebGL target not found
Refreshing native plugins compatible for Editor in 0.73 ms, found 2 plugins.
Preloading 0 native plugins for Editor in 0.00 ms.
Mono: successfully reloaded assembly
- Completed reload, in  0.885 seconds
Domain Reload Profiling:
	ReloadAssembly (886ms)
		BeginReloadAssembly (99ms)
			ExecutionOrderSort (0ms)
			DisableScriptedObjects (4ms)
			BackupInstance (0ms)
			ReleaseScriptingObjects (0ms)
			CreateAndSetChildDomain (42ms)
		EndReloadAssembly (722ms)
			LoadAssemblies (71ms)
			RebuildTransferFunctionScriptingTraits (0ms)
			SetupTypeCache (195ms)
			ReleaseScriptCaches (1ms)
			RebuildScriptCaches (37ms)
			SetupLoadedEditorAssemblies (366ms)
				LogAssemblyErrors (0ms)
				InitializePlatformSupportModulesInManaged (10ms)
				SetLoadedEditorAssemblies (0ms)
				RefreshPlugins (1ms)
				BeforeProcessingInitializeOnLoad (57ms)
				ProcessInitializeOnLoadAttributes (166ms)
				ProcessInitializeOnLoadMethodAttributes (131ms)
				AfterProcessingInitializeOnLoad (1ms)
				EditorAssembliesLoaded (0ms)
			ExecutionOrderSort2 (0ms)
			AwakeInstancesAfterBackupRestoration (8ms)
Platform modules already initialized, skipping
Refreshing native plugins compatible for Editor in 1.64 ms, found 2 plugins.
Preloading 0 native plugins for Editor in 0.00 ms.
Unloading 4551 Unused Serialized files (Serialized files now loaded: 0)
Unloading 52 unused Assets / (1.2 MB). Loaded Objects now: 5134.
Memory consumption went from 191.4 MB to 190.2 MB.
Total: 7.209250 ms (FindLiveObjects: 0.180375 ms CreateObjectMapping: 0.063250 ms MarkObjects: 6.531916 ms  DeleteObjects: 0.432750 ms)

AssetImportParameters requested are different than current active one (requested -> active):
  custom:video-decoder-ogg-theora: a1e56fd34408186e4bbccfd4996cb3dc -> 
  custom:container-muxer-webm: aa71ff27fc2769a1b78a27578f13a17b -> 
  custom:container-demuxer-webm: 4f35f7cbe854078d1ac9338744f61a02 -> 
  custom:video-encoder-webm-vp8: eb34c28f22e8b96e1ab97ce403110664 -> 
  custom:framework-osx-AVFoundation: e770b220cccbd017edd2c1fefb359320 -> 
  custom:audio-encoder-webm-vorbis: bf7c407c2cedff20999df2af8eb42d56 -> 
  custom:container-demuxer-ogg: 62fdf1f143b41e24485cea50d1cbac27 -> 
  custom:video-decoder-webm-vp8: 9c59270c3fd7afecdb556c50c9e8de78 -> 
  custom:audio-decoder-ogg-vorbis: bf7c407c2cedff20999df2af8eb42d56 -> 
========================================================================
Received Prepare
Registering precompiled user dll's ...
Registered in 0.002760 seconds.
Begin MonoManager ReloadAssembly
Thread 0x16ff67000 may have been prematurely finalized
Native extension for Android target not found
Native extension for OSXStandalone target not found
Native extension for WebGL target not found
Refreshing native plugins compatible for Editor in 2.54 ms, found 2 plugins.
Preloading 0 native plugins for Editor in 0.00 ms.
Mono: successfully reloaded assembly
- Completed reload, in  0.896 seconds
Domain Reload Profiling:
	ReloadAssembly (897ms)
		BeginReloadAssembly (106ms)
			ExecutionOrderSort (0ms)
			DisableScriptedObjects (5ms)
			BackupInstance (0ms)
			ReleaseScriptingObjects (0ms)
			CreateAndSetChildDomain (47ms)
		EndReloadAssembly (736ms)
			LoadAssemblies (44ms)
			RebuildTransferFunctionScriptingTraits (0ms)
			SetupTypeCache (232ms)
			ReleaseScriptCaches (3ms)
			RebuildScriptCaches (40ms)
			SetupLoadedEditorAssemblies (360ms)
				LogAssemblyErrors (0ms)
				InitializePlatformSupportModulesInManaged (16ms)
				SetLoadedEditorAssemblies (2ms)
				RefreshPlugins (3ms)
				BeforeProcessingInitializeOnLoad (66ms)
				ProcessInitializeOnLoadAttributes (160ms)
				ProcessInitializeOnLoadMethodAttributes (113ms)
				AfterProcessingInitializeOnLoad (1ms)
				EditorAssembliesLoaded (0ms)
			ExecutionOrderSort2 (0ms)
			AwakeInstancesAfterBackupRestoration (8ms)
Platform modules already initialized, skipping
Refreshing native plugins compatible for Editor in 1.54 ms, found 2 plugins.
Preloading 0 native plugins for Editor in 0.00 ms.
Unloading 4551 Unused Serialized files (Serialized files now loaded: 0)
Unloading 52 unused Assets / (1.2 MB). Loaded Objects now: 5137.
Memory consumption went from 191.4 MB to 190.2 MB.
Total: 7.692834 ms (FindLiveObjects: 0.146000 ms CreateObjectMapping: 0.062250 ms MarkObjects: 7.023084 ms  DeleteObjects: 0.460542 ms)

AssetImportParameters requested are different than current active one (requested -> active):
  custom:video-decoder-ogg-theora: a1e56fd34408186e4bbccfd4996cb3dc -> 
  custom:container-muxer-webm: aa71ff27fc2769a1b78a27578f13a17b -> 
  custom:container-demuxer-webm: 4f35f7cbe854078d1ac9338744f61a02 -> 
  custom:video-encoder-webm-vp8: eb34c28f22e8b96e1ab97ce403110664 -> 
  custom:framework-osx-AVFoundation: e770b220cccbd017edd2c1fefb359320 -> 
  custom:audio-encoder-webm-vorbis: bf7c407c2cedff20999df2af8eb42d56 -> 
  custom:container-demuxer-ogg: 62fdf1f143b41e24485cea50d1cbac27 -> 
  custom:video-decoder-webm-vp8: 9c59270c3fd7afecdb556c50c9e8de78 -> 
  custom:audio-decoder-ogg-vorbis: bf7c407c2cedff20999df2af8eb42d56 -> 
========================================================================
Received Import Request.
  Time since last request: 320.454014 seconds.
  path: Assets/NavMeshComponents
  artifactKey: Guid(daa7c313dfe9f9e4687d939ae00429b6) Importer(815301076,1909f56bfc062723c751e8b465ee728b)
Start importing Assets/NavMeshComponents using Guid(daa7c313dfe9f9e4687d939ae00429b6) Importer(815301076,1909f56bfc062723c751e8b465ee728b)  -> (artifact id: '976859701e681927cea28ec05e69bff3') in 0.035403 seconds 
========================================================================
Received Import Request.
  Time since last request: 2.094133 seconds.
  path: Assets/NavMeshComponents/Editor
  artifactKey: Guid(b4f8c2ee775248c4e88d8bf73622cb99) Importer(815301076,1909f56bfc062723c751e8b465ee728b)
Start importing Assets/NavMeshComponents/Editor using Guid(b4f8c2ee775248c4e88d8bf73622cb99) Importer(815301076,1909f56bfc062723c751e8b465ee728b)  -> (artifact id: 'aee80bf2a78f32c20fb2470b17db6498') in 0.001374 seconds 
========================================================================
Received Import Request.
  Time since last request: 0.059192 seconds.
  path: Assets/NavMeshComponents/Editor/NavMeshComponentsEditor.asmdef
  artifactKey: Guid(86c9d8e67265f41469be06142c397d17) Importer(815301076,1909f56bfc062723c751e8b465ee728b)
Start importing Assets/NavMeshComponents/Editor/NavMeshComponentsEditor.asmdef using Guid(86c9d8e67265f41469be06142c397d17) Importer(815301076,1909f56bfc062723c751e8b465ee728b)  -> (artifact id: 'd4ce08c86995d42fdd5befb8e7c58096') in 0.045225 seconds 
========================================================================
Received Import Request.
  Time since last request: 14.825974 seconds.
  path: Assets/ModAssets
  artifactKey: Guid(c9e6b4a3c143baa45a638f19841be256) Importer(815301076,1909f56bfc062723c751e8b465ee728b)
Start importing Assets/ModAssets using Guid(c9e6b4a3c143baa45a638f19841be256) Importer(815301076,1909f56bfc062723c751e8b465ee728b)  -> (artifact id: 'd6cd50d7bec541836e5c9c369fdda0ab') in 0.000645 seconds 
========================================================================
Received Import Request.
  Time since last request: 2.424507 seconds.
  path: Assets/ModAssets/Prefabs
  artifactKey: Guid(96ec3c975edc83f48b93a58c7b946dfb) Importer(815301076,1909f56bfc062723c751e8b465ee728b)
Start importing Assets/ModAssets/Prefabs using Guid(96ec3c975edc83f48b93a58c7b946dfb) Importer(815301076,1909f56bfc062723c751e8b465ee728b)  -> (artifact id: 'e43feda006962faf1ba3dd44850de72b') in 0.001008 seconds 
========================================================================
Received Import Request.
  Time since last request: 6.576543 seconds.
  path: Assets/ModAssets/Prefabs/Trail Prefabs
  artifactKey: Guid(ce0f2cb471a046f4c9ebdcdfe8454f0e) Importer(815301076,1909f56bfc062723c751e8b465ee728b)
Start importing Assets/ModAssets/Prefabs/Trail Prefabs using Guid(ce0f2cb471a046f4c9ebdcdfe8454f0e) Importer(815301076,1909f56bfc062723c751e8b465ee728b)  -> (artifact id: 'c7bd4619a7b324b751eae4c7193be988') in 0.000656 seconds 
========================================================================
Received Import Request.
  Time since last request: 0.053578 seconds.
  path: Assets/ModAssets/Prefabs/Trail Prefabs/FireTrail.prefab
  artifactKey: Guid(dfa71f3ca0c2e408c855c56585bfbaad) Importer(815301076,1909f56bfc062723c751e8b465ee728b)
Start importing Assets/ModAssets/Prefabs/Trail Prefabs/FireTrail.prefab using Guid(dfa71f3ca0c2e408c855c56585bfbaad) Importer(815301076,1909f56bfc062723c751e8b465ee728b)  -> (artifact id: 'd8f65a711dc228e0d65537ea00f320da') in 0.395061 seconds 
========================================================================
Received Import Request.
  Time since last request: 2.610769 seconds.
  path: Assets/ModAssets/Prefabs/BillboardPrefabs
  artifactKey: Guid(de900649be672ce429c3c4bf02a266a6) Importer(815301076,1909f56bfc062723c751e8b465ee728b)
Start importing Assets/ModAssets/Prefabs/BillboardPrefabs using Guid(de900649be672ce429c3c4bf02a266a6) Importer(815301076,1909f56bfc062723c751e8b465ee728b)  -> (artifact id: 'c6cc96591fd6bb085b57971ddcefe80d') in 0.001651 seconds 
========================================================================
Received Import Request.
  Time since last request: 0.085035 seconds.
  path: Assets/ModAssets/Prefabs/BillboardPrefabs/BillboardBasic.prefab
  artifactKey: Guid(441945e8a4aa644b3ac6600c6712f79c) Importer(815301076,1909f56bfc062723c751e8b465ee728b)
Start importing Assets/ModAssets/Prefabs/BillboardPrefabs/BillboardBasic.prefab using Guid(441945e8a4aa644b3ac6600c6712f79c) Importer(815301076,1909f56bfc062723c751e8b465ee728b)  -> (artifact id: '1ef255af868a9d03704038437dc1c676') in 0.921316 seconds 
========================================================================
Received Import Request.
  Time since last request: 1.908013 seconds.
  path: Assets/ModAssets/Prefabs/Hat Prefabs
  artifactKey: Guid(297b7582f4f6f234aa5e0496755429e2) Importer(815301076,1909f56bfc062723c751e8b465ee728b)
Start importing Assets/ModAssets/Prefabs/Hat Prefabs using Guid(297b7582f4f6f234aa5e0496755429e2) Importer(815301076,1909f56bfc062723c751e8b465ee728b)  -> (artifact id: 'e6b25bd22b549c2425388ed975b973e7') in 0.001714 seconds 
========================================================================
Received Import Request.
  Time since last request: 0.046810 seconds.
  path: Assets/ModAssets/Prefabs/Hat Prefabs/PartyHat.prefab
  artifactKey: Guid(332a6a14085b74fdd9c8f81357a61185) Importer(815301076,1909f56bfc062723c751e8b465ee728b)
Start importing Assets/ModAssets/Prefabs/Hat Prefabs/PartyHat.prefab using Guid(332a6a14085b74fdd9c8f81357a61185) Importer(815301076,1909f56bfc062723c751e8b465ee728b)  -> (artifact id: '64828910466cccf3f35e4290bb6463c1') in 0.762058 seconds 
========================================================================
Received Import Request.
  Time since last request: 1.095231 seconds.
  path: Assets/ModAssets/Prefabs/Particle Prefabs
  artifactKey: Guid(1d071bf9a3d1143aaa8f131551854798) Importer(815301076,1909f56bfc062723c751e8b465ee728b)
Start importing Assets/ModAssets/Prefabs/Particle Prefabs using Guid(1d071bf9a3d1143aaa8f131551854798) Importer(815301076,1909f56bfc062723c751e8b465ee728b)  -> (artifact id: '0e5d7de57b4c0493c48e7f9095fa0fb5') in 0.001444 seconds 
========================================================================
Received Import Request.
  Time since last request: 1.010744 seconds.
  path: Assets/ModAssets/Prefabs/Particle Prefabs/ConfettiCelebration.prefab
  artifactKey: Guid(2f5d313409ec64adc9647e645f3fd9f2) Importer(815301076,1909f56bfc062723c751e8b465ee728b)
Start importing Assets/ModAssets/Prefabs/Particle Prefabs/ConfettiCelebration.prefab using Guid(2f5d313409ec64adc9647e645f3fd9f2) Importer(815301076,1909f56bfc062723c751e8b465ee728b)  -> (artifact id: '72763b828253f72628840ba563cc4a95') in 0.051941 seconds 
========================================================================
Received Import Request.
  Time since last request: 1.970704 seconds.
  path: Assets/ModAssets/Prefabs/Totems
  artifactKey: Guid(173ffdc7aec640241b52e1c76fa9774d) Importer(815301076,1909f56bfc062723c751e8b465ee728b)
Start importing Assets/ModAssets/Prefabs/Totems using Guid(173ffdc7aec640241b52e1c76fa9774d) Importer(815301076,1909f56bfc062723c751e8b465ee728b)  -> (artifact id: 'b79eee4db09e6ca46f5a901ed966dec4') in 0.001439 seconds 
========================================================================
Received Import Request.
  Time since last request: 0.078709 seconds.
  path: Assets/ModAssets/Prefabs/Totems/Altar.prefab
  artifactKey: Guid(9fdc68ab5a8b18c4a80ce37254a88b2d) Importer(815301076,1909f56bfc062723c751e8b465ee728b)
Start importing Assets/ModAssets/Prefabs/Totems/Altar.prefab using Guid(9fdc68ab5a8b18c4a80ce37254a88b2d) Importer(815301076,1909f56bfc062723c751e8b465ee728b)  -> (artifact id: '7051c3c2023c81400cf16d1401264580') in 1.021596 seconds 
========================================================================
Received Import Request.
  Time since last request: 7.659757 seconds.
  path: Assets/ModAssets/Models
  artifactKey: Guid(f2c85a34cb6a50040ae7241db997b931) Importer(815301076,1909f56bfc062723c751e8b465ee728b)
Start importing Assets/ModAssets/Models using Guid(f2c85a34cb6a50040ae7241db997b931) Importer(815301076,1909f56bfc062723c751e8b465ee728b)  -> (artifact id: 'b4a342a4716697e12386b5f6ab65e57f') in 0.001551 seconds 
========================================================================
Received Import Request.
  Time since last request: 4.639883 seconds.
  path: Assets/ModAssets/Fonts
  artifactKey: Guid(d87d26553eeeb1b4c97775303daf200d) Importer(815301076,1909f56bfc062723c751e8b465ee728b)
Start importing Assets/ModAssets/Fonts using Guid(d87d26553eeeb1b4c97775303daf200d) Importer(815301076,1909f56bfc062723c751e8b465ee728b)  -> (artifact id: '7f5ea38e68951a014555a30ae98a6b9b') in 0.000711 seconds 
========================================================================
Received Import Request.
  Time since last request: 0.090817 seconds.
  path: Assets/ModAssets/Fonts/Bangers-Regular SDF.asset
  artifactKey: Guid(0e141b3397d234c8685509c5d77ebcf1) Importer(815301076,1909f56bfc062723c751e8b465ee728b)
Start importing Assets/ModAssets/Fonts/Bangers-Regular SDF.asset using Guid(0e141b3397d234c8685509c5d77ebcf1) Importer(815301076,1909f56bfc062723c751e8b465ee728b)  -> (artifact id: 'a6d91a3c411ef11fb1a830e2eb8d91ef') in 0.175956 seconds 
========================================================================
Received Import Request.
  Time since last request: 0.000096 seconds.
  path: Assets/ModAssets/Fonts/ZCOOLKuaiLe-Regular SDF.asset
  artifactKey: Guid(8ebfeea7062344f0c96b8a1d614a92b1) Importer(815301076,1909f56bfc062723c751e8b465ee728b)
Start importing Assets/ModAssets/Fonts/ZCOOLKuaiLe-Regular SDF.asset using Guid(8ebfeea7062344f0c96b8a1d614a92b1) Importer(815301076,1909f56bfc062723c751e8b465ee728b)  -> (artifact id: 'cd19f523e1804be34cc8aa3eaae1ab7e') in 0.017409 seconds 
========================================================================
Received Import Request.
  Time since last request: 0.000053 seconds.
  path: Assets/ModAssets/Fonts/CormorantUnicase-Regular SDF.asset
  artifactKey: Guid(ba62bccd3bc0142bc9a0bc1addeaadce) Importer(815301076,1909f56bfc062723c751e8b465ee728b)
Start importing Assets/ModAssets/Fonts/CormorantUnicase-Regular SDF.asset using Guid(ba62bccd3bc0142bc9a0bc1addeaadce) Importer(815301076,1909f56bfc062723c751e8b465ee728b)  -> (artifact id: '78190de75b2a86ccfe87938882f88856') in 0.017279 seconds 
========================================================================
Received Import Request.
  Time since last request: 0.000052 seconds.
  path: Assets/ModAssets/Fonts/Raleway-Regular SDF.asset
  artifactKey: Guid(2abf75d6e0d8a4aa6910fae6ee5d638b) Importer(815301076,1909f56bfc062723c751e8b465ee728b)
Start importing Assets/ModAssets/Fonts/Raleway-Regular SDF.asset using Guid(2abf75d6e0d8a4aa6910fae6ee5d638b) Importer(815301076,1909f56bfc062723c751e8b465ee728b)  -> (artifact id: '9913fdb3535233eef0a27ebcb02478fd') in 0.017509 seconds 
========================================================================
Received Import Request.
  Time since last request: 0.000063 seconds.
  path: Assets/ModAssets/Fonts/DancingScript-Regular SDF.asset
  artifactKey: Guid(7b50419dd5d254755b7929b05d413472) Importer(815301076,1909f56bfc062723c751e8b465ee728b)
Start importing Assets/ModAssets/Fonts/DancingScript-Regular SDF.asset using Guid(7b50419dd5d254755b7929b05d413472) Importer(815301076,1909f56bfc062723c751e8b465ee728b)  -> (artifact id: 'e98146b0306fda5554b29843500dd40d') in 0.015109 seconds 
========================================================================
Received Import Request.
  Time since last request: 0.000053 seconds.
  path: Assets/ModAssets/Fonts/IndieFlower SDF.asset
  artifactKey: Guid(2a0d250d860e74880b33abdcb4a9da2a) Importer(815301076,1909f56bfc062723c751e8b465ee728b)
Start importing Assets/ModAssets/Fonts/IndieFlower SDF.asset using Guid(2a0d250d860e74880b33abdcb4a9da2a) Importer(815301076,1909f56bfc062723c751e8b465ee728b)  -> (artifact id: 'd959eeea9bedd6b19efef89daa2c27c8') in 0.015598 seconds 
========================================================================
Received Import Request.
  Time since last request: 1.261544 seconds.
  path: Assets/ModAssets/Textures
  artifactKey: Guid(32dcbb5af5b5cab459a56bbf50e53bc9) Importer(815301076,1909f56bfc062723c751e8b465ee728b)
Start importing Assets/ModAssets/Textures using Guid(32dcbb5af5b5cab459a56bbf50e53bc9) Importer(815301076,1909f56bfc062723c751e8b465ee728b)  -> (artifact id: 'bad2c17e3e9df20bb48bcc8eb6850062') in 0.001548 seconds 
========================================================================
Received Import Request.
  Time since last request: 0.049359 seconds.
  path: Assets/ModAssets/Textures/billboard_2D_basic.png
  artifactKey: Guid(6448011b459a14b05969ad3bf1a44890) Importer(815301076,1909f56bfc062723c751e8b465ee728b)
Start importing Assets/ModAssets/Textures/billboard_2D_basic.png using Guid(6448011b459a14b05969ad3bf1a44890) Importer(815301076,1909f56bfc062723c751e8b465ee728b)  -> (artifact id: '9f91cc06f43de4af9f6506e3a94ced6f') in 0.717486 seconds 
========================================================================
Received Import Request.
  Time since last request: 0.000077 seconds.
  path: Assets/ModAssets/Textures/rainbowtexture.png
  artifactKey: Guid(1b6d33a625dab47a48c2b062e2ce39bc) Importer(815301076,1909f56bfc062723c751e8b465ee728b)
Start importing Assets/ModAssets/Textures/rainbowtexture.png using Guid(1b6d33a625dab47a48c2b062e2ce39bc) Importer(815301076,1909f56bfc062723c751e8b465ee728b)  -> (artifact id: '7af7ca51ee3fb1dea72810d482580678') in 0.006619 seconds 
========================================================================
Received Import Request.
  Time since last request: 0.000067 seconds.
  path: Assets/ModAssets/Textures/billboard_2D_tall.png
  artifactKey: Guid(50b2c32ff3de94988a61633cb19060de) Importer(815301076,1909f56bfc062723c751e8b465ee728b)
Start importing Assets/ModAssets/Textures/billboard_2D_tall.png using Guid(50b2c32ff3de94988a61633cb19060de) Importer(815301076,1909f56bfc062723c751e8b465ee728b)  -> (artifact id: '000fe03a0748ac786a341fdf8c83809d') in 0.016107 seconds 
========================================================================
Received Import Request.
  Time since last request: 0.000051 seconds.
  path: Assets/ModAssets/Textures/billboard_2D_wide.png
  artifactKey: Guid(3142e986a20354e5c9b3394e5ff7ae12) Importer(815301076,1909f56bfc062723c751e8b465ee728b)
Start importing Assets/ModAssets/Textures/billboard_2D_wide.png using Guid(3142e986a20354e5c9b3394e5ff7ae12) Importer(815301076,1909f56bfc062723c751e8b465ee728b)  -> (artifact id: '2aaa336fcb2bbb60d3be8ca6687fbd1a') in 0.016275 seconds 
========================================================================
Received Import Request.
  Time since last request: 26.581656 seconds.
  path: Assets/FPS/Prefabs/Level/Rooms/Room_Altar.prefab
  artifactKey: Guid(115dbd335d944e049a14c0345b664cf6) Importer(815301076,1909f56bfc062723c751e8b465ee728b)
Start importing Assets/FPS/Prefabs/Level/Rooms/Room_Altar.prefab using Guid(115dbd335d944e049a14c0345b664cf6) Importer(815301076,1909f56bfc062723c751e8b465ee728b)  -> (artifact id: 'ef4df36a6c16c0ee45dc5dac3c2801b1') in 0.755296 seconds 
========================================================================
Received Import Request.
  Time since last request: 0.000097 seconds.
  path: Assets/FPS/Prefabs/Level/Rooms/Room_Small_T.prefab
  artifactKey: Guid(75bc57e6a3cbdf24fabc12b67cc778e6) Importer(815301076,1909f56bfc062723c751e8b465ee728b)
Start importing Assets/FPS/Prefabs/Level/Rooms/Room_Small_T.prefab using Guid(75bc57e6a3cbdf24fabc12b67cc778e6) Importer(815301076,1909f56bfc062723c751e8b465ee728b)  -> (artifact id: '5c81856ae1bd9a8c6d88f8d09a921d13') in 0.013866 seconds 
========================================================================
Received Import Request.
  Time since last request: 155.098235 seconds.
  path: Assets/FPS/Art/Models/Mesh_ExplosionDisk.fbx
  artifactKey: Guid(0b19a2ad6ee6e8444919efa02deb1db2) Importer(815301076,1909f56bfc062723c751e8b465ee728b)
Start importing Assets/FPS/Art/Models/Mesh_ExplosionDisk.fbx using Guid(0b19a2ad6ee6e8444919efa02deb1db2) Importer(815301076,1909f56bfc062723c751e8b465ee728b)  -> (artifact id: '210d1f5c9687ee5ef8ab36b3ecfab378') in 0.451303 seconds 
========================================================================
Received Import Request.
  Time since last request: 0.000070 seconds.
  path: Assets/FPS/Art/Models/Mesh_WireframeRangeCage.fbx
  artifactKey: Guid(a89772d5378415745aa7b07b29bc8943) Importer(815301076,1909f56bfc062723c751e8b465ee728b)
Start importing Assets/FPS/Art/Models/Mesh_WireframeRangeCage.fbx using Guid(a89772d5378415745aa7b07b29bc8943) Importer(815301076,1909f56bfc062723c751e8b465ee728b)  -> (artifact id: '6885e67887964fbe1e1a94a2016b17b0') in 0.012670 seconds 
========================================================================
Received Import Request.
  Time since last request: 0.000052 seconds.
  path: Assets/FPS/Art/Models/Mesh_ReachPoint_Objective.fbx
  artifactKey: Guid(c1dd4700115958843872cf4c7527067f) Importer(815301076,1909f56bfc062723c751e8b465ee728b)
Start importing Assets/FPS/Art/Models/Mesh_ReachPoint_Objective.fbx using Guid(c1dd4700115958843872cf4c7527067f) Importer(815301076,1909f56bfc062723c751e8b465ee728b)  -> (artifact id: '12cb24796e531dae569666c5a8fc4a9e') in 0.013377 seconds 
========================================================================
Received Import Request.
  Time since last request: 0.000112 seconds.
  path: Assets/FPS/Art/Models/Mesh_Projectile.fbx
  artifactKey: Guid(dac2420a19d8c8e46b7d36c8e3817523) Importer(815301076,1909f56bfc062723c751e8b465ee728b)
Start importing Assets/FPS/Art/Models/Mesh_Projectile.fbx using Guid(dac2420a19d8c8e46b7d36c8e3817523) Importer(815301076,1909f56bfc062723c751e8b465ee728b)  -> (artifact id: 'a5bdd20bb6aeba083c28dfb1148f7391') in 0.024024 seconds 
========================================================================
Received Import Request.
  Time since last request: 0.000094 seconds.
  path: Assets/FPS/Art/Models/Mesh_Jetpack.fbx
  artifactKey: Guid(8a8f77597c6be5e429a0dde1309ab87d) Importer(815301076,1909f56bfc062723c751e8b465ee728b)
Start importing Assets/FPS/Art/Models/Mesh_Jetpack.fbx using Guid(8a8f77597c6be5e429a0dde1309ab87d) Importer(815301076,1909f56bfc062723c751e8b465ee728b)  -> (artifact id: '0c94f584e8e6b92f552fe4caa8ec039b') in 0.012277 seconds 
========================================================================
Received Import Request.
  Time since last request: 0.000051 seconds.
  path: Assets/FPS/Art/Models/Mesh_Weapon_Secondary.fbx
  artifactKey: Guid(ff6da3339a124244295a978acc07e2d6) Importer(815301076,1909f56bfc062723c751e8b465ee728b)
Start importing Assets/FPS/Art/Models/Mesh_Weapon_Secondary.fbx using Guid(ff6da3339a124244295a978acc07e2d6) Importer(815301076,1909f56bfc062723c751e8b465ee728b)  -> (artifact id: 'fb085f2ff42a7e8bf7464fd618e18776') in 0.053965 seconds 
========================================================================
Received Import Request.
  Time since last request: 3.541168 seconds.
  path: Assets/FPS/Art/Textures/Backgrounds/Unity_skyboxBG01.png
  artifactKey: Guid(703ee319755f5a54db307a6a3aa88b73) Importer(815301076,1909f56bfc062723c751e8b465ee728b)
Start importing Assets/FPS/Art/Textures/Backgrounds/Unity_skyboxBG01.png using Guid(703ee319755f5a54db307a6a3aa88b73) Importer(815301076,1909f56bfc062723c751e8b465ee728b)  -> (artifact id: '945193c352a2ede83529db833636ad07') in 0.111053 seconds 
========================================================================
Received Import Request.
  Time since last request: 0.865828 seconds.
  path: Assets/FPS/Art/Textures/Characters/HoverBot_Body_Albedo.png
  artifactKey: Guid(7963b2bc87c304a4b9f72df26e63f964) Importer(815301076,1909f56bfc062723c751e8b465ee728b)
Start importing Assets/FPS/Art/Textures/Characters/HoverBot_Body_Albedo.png using Guid(7963b2bc87c304a4b9f72df26e63f964) Importer(815301076,1909f56bfc062723c751e8b465ee728b)  -> (artifact id: '9798fb3e7d1030bbf48f8307e838686c') in 0.007905 seconds 
========================================================================
Received Import Request.
  Time since last request: 0.000058 seconds.
  path: Assets/FPS/Art/Textures/Characters/Turret_Light_Emission.png
  artifactKey: Guid(935233d8608b4e844984c64d06fd2c01) Importer(815301076,1909f56bfc062723c751e8b465ee728b)
Start importing Assets/FPS/Art/Textures/Characters/Turret_Light_Emission.png using Guid(935233d8608b4e844984c64d06fd2c01) Importer(815301076,1909f56bfc062723c751e8b465ee728b)  -> (artifact id: 'fba91705c444ec264b12cf0241780aad') in 0.004985 seconds 
========================================================================
Received Import Request.
  Time since last request: 0.000053 seconds.
  path: Assets/FPS/Art/Textures/Characters/HoverBot_Light__Emission.png
  artifactKey: Guid(3b45b0c0452495e44888d3307bdc92b7) Importer(815301076,1909f56bfc062723c751e8b465ee728b)
Start importing Assets/FPS/Art/Textures/Characters/HoverBot_Light__Emission.png using Guid(3b45b0c0452495e44888d3307bdc92b7) Importer(815301076,1909f56bfc062723c751e8b465ee728b)  -> (artifact id: '9051515504a9e6878b96814544086a8f') in 0.005016 seconds 
========================================================================
Received Import Request.
  Time since last request: 0.000035 seconds.
  path: Assets/FPS/Art/Textures/Characters/HoverBot_Body_MetallicSmooth.png
  artifactKey: Guid(0bf3deb1f2c8e2c4eb4c4a2262f3ea3e) Importer(815301076,1909f56bfc062723c751e8b465ee728b)
Start importing Assets/FPS/Art/Textures/Characters/HoverBot_Body_MetallicSmooth.png using Guid(0bf3deb1f2c8e2c4eb4c4a2262f3ea3e) Importer(815301076,1909f56bfc062723c751e8b465ee728b)  -> (artifact id: '8b0bd366a5bc8eb3e81bb6adbb2e946a') in 0.004245 seconds 
========================================================================
Received Import Request.
  Time since last request: 0.000054 seconds.
  path: Assets/FPS/Art/Textures/Characters/Turret_Body_AO.png
  artifactKey: Guid(b4221e4f27f28c0409eb9d419a6b8037) Importer(815301076,1909f56bfc062723c751e8b465ee728b)
Start importing Assets/FPS/Art/Textures/Characters/Turret_Body_AO.png using Guid(b4221e4f27f28c0409eb9d419a6b8037) Importer(815301076,1909f56bfc062723c751e8b465ee728b)  -> (artifact id: 'e618a678eab5d7ce870c01a4b092d77e') in 0.005526 seconds 
========================================================================
Received Import Request.
  Time since last request: 0.367848 seconds.
  path: Assets/FPS/Art/Textures/Pickups/HealthPickup_Albedo.png
  artifactKey: Guid(4d2d1f6aa382039488da6502c1b80269) Importer(815301076,1909f56bfc062723c751e8b465ee728b)
Start importing Assets/FPS/Art/Textures/Pickups/HealthPickup_Albedo.png using Guid(4d2d1f6aa382039488da6502c1b80269) Importer(815301076,1909f56bfc062723c751e8b465ee728b)  -> (artifact id: '3544878e663c38d88aa3fcfc0534c285') in 0.007261 seconds 
========================================================================
Received Import Request.
  Time since last request: 0.000048 seconds.
  path: Assets/FPS/Art/Textures/Pickups/Jetpack_AO.png
  artifactKey: Guid(1c08bd4b0708fd44fb61168f99f6cbcb) Importer(815301076,1909f56bfc062723c751e8b465ee728b)
Start importing Assets/FPS/Art/Textures/Pickups/Jetpack_AO.png using Guid(1c08bd4b0708fd44fb61168f99f6cbcb) Importer(815301076,1909f56bfc062723c751e8b465ee728b)  -> (artifact id: '1f7411b46210481f6042dce885be3983') in 0.005768 seconds 
========================================================================
Received Import Request.
  Time since last request: 0.000079 seconds.
  path: Assets/FPS/Art/Textures/Pickups/Jetpack_Albedo.png
  artifactKey: Guid(3bc42c7469f8a8545990a1ff3e431431) Importer(815301076,1909f56bfc062723c751e8b465ee728b)
Start importing Assets/FPS/Art/Textures/Pickups/Jetpack_Albedo.png using Guid(3bc42c7469f8a8545990a1ff3e431431) Importer(815301076,1909f56bfc062723c751e8b465ee728b)  -> (artifact id: '448ec29222181bdf18d20427a095739e') in 0.005465 seconds 
========================================================================
Received Import Request.
  Time since last request: 0.000068 seconds.
  path: Assets/FPS/Art/Textures/Pickups/HealthPickup_Emissive.png
  artifactKey: Guid(4558c3ebd7b7e9640a0fc519b2820838) Importer(815301076,1909f56bfc062723c751e8b465ee728b)
Start importing Assets/FPS/Art/Textures/Pickups/HealthPickup_Emissive.png using Guid(4558c3ebd7b7e9640a0fc519b2820838) Importer(815301076,1909f56bfc062723c751e8b465ee728b)  -> (artifact id: '64d466dbf2c2c5b6ed3ee222148d315b') in 0.004535 seconds 
========================================================================
Received Import Request.
  Time since last request: 0.000071 seconds.
  path: Assets/FPS/Art/Textures/Pickups/HealthPickup_Normal.png
  artifactKey: Guid(32ab303fd8503904eaf5730b49dd3784) Importer(815301076,1909f56bfc062723c751e8b465ee728b)
Start importing Assets/FPS/Art/Textures/Pickups/HealthPickup_Normal.png using Guid(32ab303fd8503904eaf5730b49dd3784) Importer(815301076,1909f56bfc062723c751e8b465ee728b)  -> (artifact id: '44a686b7e427c06e3aa35f0f589017bc') in 0.031258 seconds 
========================================================================
Received Import Request.
  Time since last request: 0.443611 seconds.
  path: Assets/FPS/Art/Textures/Props/StatueBig_Albedo.png
  artifactKey: Guid(4541db27285eb5f448988d692cc9c217) Importer(815301076,1909f56bfc062723c751e8b465ee728b)
Start importing Assets/FPS/Art/Textures/Props/StatueBig_Albedo.png using Guid(4541db27285eb5f448988d692cc9c217) Importer(815301076,1909f56bfc062723c751e8b465ee728b)  -> (artifact id: '2a587c6e7b6d149a880fa9e95cfc097d') in 0.005518 seconds 
========================================================================
Received Import Request.
  Time since last request: 0.000048 seconds.
  path: Assets/FPS/Art/Textures/Props/StatueBig_Emissive.png
  artifactKey: Guid(f48d14bd5127f334bb881b71a7f0f76c) Importer(815301076,1909f56bfc062723c751e8b465ee728b)
Start importing Assets/FPS/Art/Textures/Props/StatueBig_Emissive.png using Guid(f48d14bd5127f334bb881b71a7f0f76c) Importer(815301076,1909f56bfc062723c751e8b465ee728b)  -> (artifact id: '07ce5ecf5840c00575b64f335171f51b') in 0.005761 seconds 
========================================================================
Received Import Request.
  Time since last request: 0.000048 seconds.
  path: Assets/FPS/Art/Textures/Props/WallStatue_Normal.png
  artifactKey: Guid(48c0e96ebfb39ae468590e4983df332d) Importer(815301076,1909f56bfc062723c751e8b465ee728b)
Start importing Assets/FPS/Art/Textures/Props/WallStatue_Normal.png using Guid(48c0e96ebfb39ae468590e4983df332d) Importer(815301076,1909f56bfc062723c751e8b465ee728b)  -> (artifact id: '19908f0e292b41b207f17f6afadda922') in 0.005890 seconds 
========================================================================
Received Import Request.
  Time since last request: 0.000052 seconds.
  path: Assets/FPS/Art/Textures/Props/StatueBig_MetallicSmooth.png
  artifactKey: Guid(678ce64fe1c2b7b419b59dadee8dc0b8) Importer(815301076,1909f56bfc062723c751e8b465ee728b)
Start importing Assets/FPS/Art/Textures/Props/StatueBig_MetallicSmooth.png using Guid(678ce64fe1c2b7b419b59dadee8dc0b8) Importer(815301076,1909f56bfc062723c751e8b465ee728b)  -> (artifact id: 'e7f3bbc272f163ab9be82c5ecd4da961') in 0.005396 seconds 
========================================================================
Received Import Request.
  Time since last request: 0.000040 seconds.
  path: Assets/FPS/Art/Textures/Props/WallStatue_Emissive.png
  artifactKey: Guid(2534193b19f27624cbffe4b322396b30) Importer(815301076,1909f56bfc062723c751e8b465ee728b)
Start importing Assets/FPS/Art/Textures/Props/WallStatue_Emissive.png using Guid(2534193b19f27624cbffe4b322396b30) Importer(815301076,1909f56bfc062723c751e8b465ee728b)  -> (artifact id: '8a3983249fa107db6d65892e18a71c92') in 0.005640 seconds 
========================================================================
Received Import Request.
  Time since last request: 11.153596 seconds.
  path: Assets/FPS/Art/Materials/Level/Floor_DarkGrey.mat
  artifactKey: Guid(35fe0b7167cdb944a868e2996465f9da) Importer(815301076,1909f56bfc062723c751e8b465ee728b)
Start importing Assets/FPS/Art/Materials/Level/Floor_DarkGrey.mat using Guid(35fe0b7167cdb944a868e2996465f9da) Importer(815301076,1909f56bfc062723c751e8b465ee728b)  -> (artifact id: '7d095ae7a3c683cf4d53a95574ba4c17') in 0.303703 seconds 
========================================================================
Received Import Request.
  Time since last request: 0.000042 seconds.
  path: Assets/FPS/Art/Materials/Level/Wall_Grey.mat
  artifactKey: Guid(4b8bcc445bbcd7d488ce7436dc1af951) Importer(815301076,1909f56bfc062723c751e8b465ee728b)
Start importing Assets/FPS/Art/Materials/Level/Wall_Grey.mat using Guid(4b8bcc445bbcd7d488ce7436dc1af951) Importer(815301076,1909f56bfc062723c751e8b465ee728b)  -> (artifact id: 'f8a2be9cc3e998d2ad8b9537486daef9') in 0.009118 seconds 
========================================================================
Received Import Request.
  Time since last request: 0.000161 seconds.
  path: Assets/FPS/Art/Materials/Level/Floor_Grey.mat
  artifactKey: Guid(993b4056d6b0f8441bc26fe63f4babd5) Importer(815301076,1909f56bfc062723c751e8b465ee728b)
Start importing Assets/FPS/Art/Materials/Level/Floor_Grey.mat using Guid(993b4056d6b0f8441bc26fe63f4babd5) Importer(815301076,1909f56bfc062723c751e8b465ee728b)  -> (artifact id: 'e5027a8b508164b038c9da0c89d1aa8e') in 0.008334 seconds 
========================================================================
Received Import Request.
  Time since last request: 0.000042 seconds.
  path: Assets/FPS/Art/Materials/Level/Ramp_Blue_Transparent.mat
  artifactKey: Guid(5430ef02ed1d5de43bfd8fa2ffff44fe) Importer(815301076,1909f56bfc062723c751e8b465ee728b)
Start importing Assets/FPS/Art/Materials/Level/Ramp_Blue_Transparent.mat using Guid(5430ef02ed1d5de43bfd8fa2ffff44fe) Importer(815301076,1909f56bfc062723c751e8b465ee728b)  -> (artifact id: 'c537aa6bf1e2a16f2cf32b79f1e9b8bb') in 0.749000 seconds 
========================================================================
Received Import Request.
  Time since last request: 121.686333 seconds.
  path: Assets/FPS/Prefabs/Enemies/Enemy_HoverBot.prefab
  artifactKey: Guid(25a1b0efadb966e44889fce712c8ff8d) Importer(815301076,1909f56bfc062723c751e8b465ee728b)
Start importing Assets/FPS/Prefabs/Enemies/Enemy_HoverBot.prefab using Guid(25a1b0efadb966e44889fce712c8ff8d) Importer(815301076,1909f56bfc062723c751e8b465ee728b)  -> (artifact id: '55e0a25471e5c3a296094471be5a29fa') in 2.899141 seconds 
========================================================================
Received Import Request.
  Time since last request: 397.597914 seconds.
  path: Assets/FPS/Audio/SFX/Player/Footstep.wav
  artifactKey: Guid(f404f8d3c2a4b4f48989fb1120e78fb8) Importer(815301076,1909f56bfc062723c751e8b465ee728b)
Start importing Assets/FPS/Audio/SFX/Player/Footstep.wav using Guid(f404f8d3c2a4b4f48989fb1120e78fb8) Importer(815301076,1909f56bfc062723c751e8b465ee728b)  -> (artifact id: 'f2d1d93ce5681547a31e7073e4779eae') in 0.608717 seconds 
========================================================================
Received Import Request.
  Time since last request: 2.499855 seconds.
  path: Assets/AddOns/Mg3D_Food
  artifactKey: Guid(87915a5cc8cb63e4e9738678c772ad06) Importer(815301076,1909f56bfc062723c751e8b465ee728b)
Start importing Assets/AddOns/Mg3D_Food using Guid(87915a5cc8cb63e4e9738678c772ad06) Importer(815301076,1909f56bfc062723c751e8b465ee728b)  -> (artifact id: 'bfdce721a00430f4747b043697582d34') in 0.000825 seconds 
========================================================================
Received Import Request.
  Time since last request: 1.375048 seconds.
  path: Assets/AddOns/Mg3D_Food/Banana.fbx
  artifactKey: Guid(461f0170c82b53340a9812199b63bbd4) Importer(815301076,1909f56bfc062723c751e8b465ee728b)
Start importing Assets/AddOns/Mg3D_Food/Banana.fbx using Guid(461f0170c82b53340a9812199b63bbd4) Importer(815301076,1909f56bfc062723c751e8b465ee728b)  -> (artifact id: '7087f46d2828c180293478469d60cea0') in 0.037009 seconds 
========================================================================
Received Import Request.
  Time since last request: 0.002330 seconds.
  path: Assets/AddOns/Mg3D_Food/Watermelon.fbx
  artifactKey: Guid(7977e423937da9b48aac1866c67bb5be) Importer(815301076,1909f56bfc062723c751e8b465ee728b)
Start importing Assets/AddOns/Mg3D_Food/Watermelon.fbx using Guid(7977e423937da9b48aac1866c67bb5be) Importer(815301076,1909f56bfc062723c751e8b465ee728b)  -> (artifact id: '6a53a0d13a6f7c011c7afb865c46ba01') in 0.036083 seconds 
========================================================================
Received Import Request.
  Time since last request: 0.000046 seconds.
  path: Assets/AddOns/Mg3D_Food/Cherry.fbx
  artifactKey: Guid(da4eeef492c0d1842963d6576330682d) Importer(815301076,1909f56bfc062723c751e8b465ee728b)
Start importing Assets/AddOns/Mg3D_Food/Cherry.fbx using Guid(da4eeef492c0d1842963d6576330682d) Importer(815301076,1909f56bfc062723c751e8b465ee728b)  -> (artifact id: '708ea4ed706e0accc82bc54ac6f71333') in 0.022079 seconds 
========================================================================
Received Import Request.
  Time since last request: 0.000085 seconds.
  path: Assets/AddOns/Mg3D_Food/Hotdog.fbx
  artifactKey: Guid(fdc7d8dffa381b54cb7740b8761d54c0) Importer(815301076,1909f56bfc062723c751e8b465ee728b)
Start importing Assets/AddOns/Mg3D_Food/Hotdog.fbx using Guid(fdc7d8dffa381b54cb7740b8761d54c0) Importer(815301076,1909f56bfc062723c751e8b465ee728b)  -> (artifact id: '5efd55c69b3bc426d9508c3be60bfe81') in 0.028326 seconds 
========================================================================
Received Prepare
Refreshing native plugins compatible for Editor in 2.81 ms, found 2 plugins.
Preloading 0 native plugins for Editor in 0.00 ms.
Unloading 51 Unused Serialized files (Serialized files now loaded: 0)
Unloading 52 unused Assets / (0.8 MB). Loaded Objects now: 5287.
Memory consumption went from 138.8 MB to 138.0 MB.
Total: 21.112084 ms (FindLiveObjects: 0.345625 ms CreateObjectMapping: 0.064083 ms MarkObjects: 20.169208 ms  DeleteObjects: 0.531584 ms)

AssetImportParameters requested are different than current active one (requested -> active):
  custom:video-decoder-ogg-theora: a1e56fd34408186e4bbccfd4996cb3dc -> 
  custom:container-muxer-webm: aa71ff27fc2769a1b78a27578f13a17b -> 
  custom:container-demuxer-webm: 4f35f7cbe854078d1ac9338744f61a02 -> 
  custom:video-encoder-webm-vp8: eb34c28f22e8b96e1ab97ce403110664 -> 
  custom:framework-osx-AVFoundation: e770b220cccbd017edd2c1fefb359320 -> 
  custom:audio-encoder-webm-vorbis: bf7c407c2cedff20999df2af8eb42d56 -> 
  custom:container-demuxer-ogg: 62fdf1f143b41e24485cea50d1cbac27 -> 
  custom:video-decoder-webm-vp8: 9c59270c3fd7afecdb556c50c9e8de78 -> 
  custom:audio-decoder-ogg-vorbis: bf7c407c2cedff20999df2af8eb42d56 -> 
========================================================================
Received Prepare
Refreshing native plugins compatible for Editor in 3.83 ms, found 2 plugins.
Preloading 0 native plugins for Editor in 0.00 ms.
Unloading 50 Unused Serialized files (Serialized files now loaded: 0)
Unloading 50 unused Assets / (0.8 MB). Loaded Objects now: 5287.
Memory consumption went from 138.7 MB to 137.9 MB.
Total: 6.968250 ms (FindLiveObjects: 0.160000 ms CreateObjectMapping: 0.060584 ms MarkObjects: 6.318333 ms  DeleteObjects: 0.428708 ms)

AssetImportParameters requested are different than current active one (requested -> active):
  custom:video-decoder-ogg-theora: a1e56fd34408186e4bbccfd4996cb3dc -> 
  custom:container-muxer-webm: aa71ff27fc2769a1b78a27578f13a17b -> 
  custom:container-demuxer-webm: 4f35f7cbe854078d1ac9338744f61a02 -> 
  custom:video-encoder-webm-vp8: eb34c28f22e8b96e1ab97ce403110664 -> 
  custom:framework-osx-AVFoundation: e770b220cccbd017edd2c1fefb359320 -> 
  custom:audio-encoder-webm-vorbis: bf7c407c2cedff20999df2af8eb42d56 -> 
  custom:container-demuxer-ogg: 62fdf1f143b41e24485cea50d1cbac27 -> 
  custom:video-decoder-webm-vp8: 9c59270c3fd7afecdb556c50c9e8de78 -> 
  custom:audio-decoder-ogg-vorbis: bf7c407c2cedff20999df2af8eb42d56 -> 
========================================================================
Received Prepare
Refreshing native plugins compatible for Editor in 2.35 ms, found 2 plugins.
Preloading 0 native plugins for Editor in 0.00 ms.
Unloading 50 Unused Serialized files (Serialized files now loaded: 0)
Unloading 50 unused Assets / (0.9 MB). Loaded Objects now: 5287.
Memory consumption went from 138.7 MB to 137.9 MB.
Total: 6.952291 ms (FindLiveObjects: 0.165250 ms CreateObjectMapping: 0.061083 ms MarkObjects: 6.261417 ms  DeleteObjects: 0.463791 ms)

AssetImportParameters requested are different than current active one (requested -> active):
  custom:video-decoder-ogg-theora: a1e56fd34408186e4bbccfd4996cb3dc -> 
  custom:container-muxer-webm: aa71ff27fc2769a1b78a27578f13a17b -> 
  custom:container-demuxer-webm: 4f35f7cbe854078d1ac9338744f61a02 -> 
  custom:video-encoder-webm-vp8: eb34c28f22e8b96e1ab97ce403110664 -> 
  custom:framework-osx-AVFoundation: e770b220cccbd017edd2c1fefb359320 -> 
  custom:audio-encoder-webm-vorbis: bf7c407c2cedff20999df2af8eb42d56 -> 
  custom:container-demuxer-ogg: 62fdf1f143b41e24485cea50d1cbac27 -> 
  custom:video-decoder-webm-vp8: 9c59270c3fd7afecdb556c50c9e8de78 -> 
  custom:audio-decoder-ogg-vorbis: bf7c407c2cedff20999df2af8eb42d56 -> 
========================================================================
Received Import Request.
  Time since last request: 229.966434 seconds.
  path: Assets/AddOns/Mg3D_Food/Banana.fbx
  artifactKey: Guid(461f0170c82b53340a9812199b63bbd4) Importer(815301076,1909f56bfc062723c751e8b465ee728b)
Start importing Assets/AddOns/Mg3D_Food/Banana.fbx using Guid(461f0170c82b53340a9812199b63bbd4) Importer(815301076,1909f56bfc062723c751e8b465ee728b)  -> (artifact id: '7d45400ea3452b19099e3e1cbbe2eb95') in 2.099823 seconds 
========================================================================
Received Import Request.
  Time since last request: 0.000080 seconds.
  path: Assets/AddOns/Mg3D_Food/Hamburger.fbx
  artifactKey: Guid(54b107e50acd7e24b96d7de887c68833) Importer(815301076,1909f56bfc062723c751e8b465ee728b)
Start importing Assets/AddOns/Mg3D_Food/Hamburger.fbx using Guid(54b107e50acd7e24b96d7de887c68833) Importer(815301076,1909f56bfc062723c751e8b465ee728b)  -> (artifact id: '604ad57aa9b4b79090ec097f29a6f4d7') in 0.035987 seconds 
========================================================================
Received Import Request.
  Time since last request: 0.000048 seconds.
  path: Assets/AddOns/Mg3D_Food/Olive.fbx
  artifactKey: Guid(bd232805ec57aa245a81c2df3f69f66a) Importer(815301076,1909f56bfc062723c751e8b465ee728b)
Start importing Assets/AddOns/Mg3D_Food/Olive.fbx using Guid(bd232805ec57aa245a81c2df3f69f66a) Importer(815301076,1909f56bfc062723c751e8b465ee728b)  -> (artifact id: '1b16ea1f833e31de3112924f3cb0e358') in 0.022235 seconds 
