Unity Editor version:    2021.3.22f1 (b6c551784ba3)
Branch:                  2021.3/staging
Build type:              Release
Batch mode:              YES
macOS version:           Version 14.0 (Build 23A344)
Darwin version:          23.0.0
Architecture:            arm64
Running under Rosetta:   NO
Available memory:        16384 MB
Using pre-set license
Pro License: YES

COMMAND LINE ARGUMENTS:
/Applications/Unity/Hub/Editor/2021.3.22f1/Unity.app/Contents/MacOS/Unity
-adb2
-batchMode
-noUpm
-name
AssetImportWorker1
-projectPath
/Users/jonathan/FPS Microgame
-logFile
Logs/AssetImportWorker1.log
-srvPort
50013
Successfully changed project path to: /Users/jonathan/FPS Microgame
/Users/jonathan/FPS Microgame
[UnityMemory] Configuration Parameters - Can be set up in boot.config
    "memorysetup-bucket-allocator-granularity=16"
    "memorysetup-bucket-allocator-bucket-count=8"
    "memorysetup-bucket-allocator-block-size=33554432"
    "memorysetup-bucket-allocator-block-count=8"
    "memorysetup-main-allocator-block-size=16777216"
    "memorysetup-thread-allocator-block-size=16777216"
    "memorysetup-gfx-main-allocator-block-size=16777216"
    "memorysetup-gfx-thread-allocator-block-size=16777216"
    "memorysetup-cache-allocator-block-size=4194304"
    "memorysetup-typetree-allocator-block-size=2097152"
    "memorysetup-profiler-bucket-allocator-granularity=16"
    "memorysetup-profiler-bucket-allocator-bucket-count=8"
    "memorysetup-profiler-bucket-allocator-block-size=33554432"
    "memorysetup-profiler-bucket-allocator-block-count=8"
    "memorysetup-profiler-allocator-block-size=16777216"
    "memorysetup-profiler-editor-allocator-block-size=1048576"
    "memorysetup-temp-allocator-size-main=16777216"
    "memorysetup-job-temp-allocator-block-size=2097152"
    "memorysetup-job-temp-allocator-block-size-background=1048576"
    "memorysetup-job-temp-allocator-reduction-small-platforms=262144"
    "memorysetup-temp-allocator-size-background-worker=32768"
    "memorysetup-temp-allocator-size-job-worker=262144"
    "memorysetup-temp-allocator-size-preload-manager=33554432"
    "memorysetup-temp-allocator-size-nav-mesh-worker=65536"
    "memorysetup-temp-allocator-size-audio-worker=65536"
    "memorysetup-temp-allocator-size-cloud-worker=32768"
    "memorysetup-temp-allocator-size-gi-baking-worker=262144"
    "memorysetup-temp-allocator-size-gfx=262144"
Player connection [8117359360] Host "[IP] 128.61.46.226 [Port] 0 [Flags] 2 [Guid] 2675347630 [EditorId] 2675347630 [Version] 1048832 [Id] OSXEditor(0,lawn-128-61-46-226.lawn.gatech.edu) [Debug] 1 [PackageName] OSXEditor [ProjectName] Editor" joined multi-casting on [225.0.0.222:54997]...

Player connection [8117359360] Host "[IP] 128.61.46.226 [Port] 0 [Flags] 2 [Guid] 2675347630 [EditorId] 2675347630 [Version] 1048832 [Id] OSXEditor(0,lawn-128-61-46-226.lawn.gatech.edu) [Debug] 1 [PackageName] OSXEditor [ProjectName] Editor" joined alternative multi-casting on [225.0.0.222:34997]...

Refreshing native plugins compatible for Editor in 69.76 ms, found 2 plugins.
Preloading 0 native plugins for Editor in 0.00 ms.
Initialize engine version: 2021.3.22f1 (b6c551784ba3)
[Subsystems] Discovering subsystems at path /Applications/Unity/Hub/Editor/2021.3.22f1/Unity.app/Contents/Resources/UnitySubsystems
[Subsystems] Discovering subsystems at path /Users/jonathan/FPS Microgame/Assets
GfxDevice: creating device client; threaded=0; jobified=0
 preferred device: Apple M1 Pro (high power)
Metal devices available: 1
0: Apple M1 Pro (high power)
Using device Apple M1 Pro (high power)
Initializing Metal device caps: Apple M1 Pro
Initialize mono
Mono path[0] = '/Applications/Unity/Hub/Editor/2021.3.22f1/Unity.app/Contents/Managed'
Mono path[1] = '/Applications/Unity/Hub/Editor/2021.3.22f1/Unity.app/Contents/MonoBleedingEdge/lib/mono/unityjit-macos'
Mono config path = '/Applications/Unity/Hub/Editor/2021.3.22f1/Unity.app/Contents/MonoBleedingEdge/etc'
Using monoOptions --debugger-agent=transport=dt_socket,embedding=1,server=y,suspend=n,address=127.0.0.1:56085
Begin MonoManager ReloadAssembly
Registering precompiled unity dll's ...
Register platform support module: /Applications/Unity/Hub/Editor/2021.3.22f1/PlaybackEngines/WebGLSupport/UnityEditor.WebGL.Extensions.dll
Register platform support module: /Applications/Unity/Hub/Editor/2021.3.22f1/Unity.app/Contents/PlaybackEngines/MacStandaloneSupport/UnityEditor.OSXStandalone.Extensions.dll
Register platform support module: /Applications/Unity/Hub/Editor/2021.3.22f1/PlaybackEngines/AndroidPlayer/UnityEditor.Android.Extensions.dll
Registered in 0.001848 seconds.
Native extension for Android target not found
Android Extension - Scanning For ADB Devices 88 ms
Native extension for OSXStandalone target not found
Native extension for WebGL target not found
Refreshing native plugins compatible for Editor in 73.52 ms, found 2 plugins.
Preloading 0 native plugins for Editor in 0.00 ms.
Mono: successfully reloaded assembly
- Completed reload, in  0.542 seconds
Domain Reload Profiling:
	ReloadAssembly (542ms)
		BeginReloadAssembly (63ms)
			ExecutionOrderSort (0ms)
			DisableScriptedObjects (0ms)
			BackupInstance (0ms)
			ReleaseScriptingObjects (0ms)
			CreateAndSetChildDomain (0ms)
		EndReloadAssembly (422ms)
			LoadAssemblies (64ms)
			RebuildTransferFunctionScriptingTraits (0ms)
			SetupTypeCache (73ms)
			ReleaseScriptCaches (0ms)
			RebuildScriptCaches (23ms)
			SetupLoadedEditorAssemblies (297ms)
				LogAssemblyErrors (0ms)
				InitializePlatformSupportModulesInManaged (147ms)
				SetLoadedEditorAssemblies (0ms)
				RefreshPlugins (74ms)
				BeforeProcessingInitializeOnLoad (1ms)
				ProcessInitializeOnLoadAttributes (51ms)
				ProcessInitializeOnLoadMethodAttributes (25ms)
				AfterProcessingInitializeOnLoad (0ms)
				EditorAssembliesLoaded (0ms)
			ExecutionOrderSort2 (0ms)
			AwakeInstancesAfterBackupRestoration (0ms)
Platform modules already initialized, skipping
Registering precompiled user dll's ...
Registered in 0.006128 seconds.
Begin MonoManager ReloadAssembly
Native extension for Android target not found
Native extension for OSXStandalone target not found
Native extension for WebGL target not found
Refreshing native plugins compatible for Editor in 70.13 ms, found 2 plugins.
Preloading 0 native plugins for Editor in 0.00 ms.
Mono: successfully reloaded assembly
- Completed reload, in  0.901 seconds
Domain Reload Profiling:
	ReloadAssembly (902ms)
		BeginReloadAssembly (64ms)
			ExecutionOrderSort (0ms)
			DisableScriptedObjects (4ms)
			BackupInstance (0ms)
			ReleaseScriptingObjects (0ms)
			CreateAndSetChildDomain (17ms)
		EndReloadAssembly (771ms)
			LoadAssemblies (76ms)
			RebuildTransferFunctionScriptingTraits (0ms)
			SetupTypeCache (197ms)
			ReleaseScriptCaches (1ms)
			RebuildScriptCaches (46ms)
			SetupLoadedEditorAssemblies (413ms)
				LogAssemblyErrors (0ms)
				InitializePlatformSupportModulesInManaged (9ms)
				SetLoadedEditorAssemblies (0ms)
				RefreshPlugins (70ms)
				BeforeProcessingInitializeOnLoad (80ms)
				ProcessInitializeOnLoadAttributes (147ms)
				ProcessInitializeOnLoadMethodAttributes (107ms)
				AfterProcessingInitializeOnLoad (1ms)
				EditorAssembliesLoaded (0ms)
			ExecutionOrderSort2 (0ms)
			AwakeInstancesAfterBackupRestoration (2ms)
Platform modules already initialized, skipping
========================================================================
Worker process is ready to serve import requests
Launching external process: /Applications/Unity/Hub/Editor/2021.3.22f1/Unity.app/Contents/Tools/UnityShaderCompiler
Launched and connected shader compiler UnityShaderCompiler after 0.05 seconds
Refreshing native plugins compatible for Editor in 0.70 ms, found 2 plugins.
Preloading 0 native plugins for Editor in 0.00 ms.
Unloading 4692 Unused Serialized files (Serialized files now loaded: 0)
Unloading 63 unused Assets / (1.2 MB). Loaded Objects now: 5133.
Memory consumption went from 196.9 MB to 195.7 MB.
Total: 5.843750 ms (FindLiveObjects: 0.153500 ms CreateObjectMapping: 0.061834 ms MarkObjects: 5.191875 ms  DeleteObjects: 0.435500 ms)

AssetImportParameters requested are different than current active one (requested -> active):
  custom:video-decoder-ogg-theora: a1e56fd34408186e4bbccfd4996cb3dc -> 
  custom:container-muxer-webm: aa71ff27fc2769a1b78a27578f13a17b -> 
  custom:container-demuxer-webm: 4f35f7cbe854078d1ac9338744f61a02 -> 
  custom:video-encoder-webm-vp8: eb34c28f22e8b96e1ab97ce403110664 -> 
  custom:framework-osx-AVFoundation: e770b220cccbd017edd2c1fefb359320 -> 
  custom:audio-encoder-webm-vorbis: bf7c407c2cedff20999df2af8eb42d56 -> 
  custom:container-demuxer-ogg: 62fdf1f143b41e24485cea50d1cbac27 -> 
  custom:video-decoder-webm-vp8: 9c59270c3fd7afecdb556c50c9e8de78 -> 
  custom:audio-decoder-ogg-vorbis: bf7c407c2cedff20999df2af8eb42d56 -> 
========================================================================
Received Prepare
Registering precompiled user dll's ...
Registered in 0.001732 seconds.
Begin MonoManager ReloadAssembly
Thread 0x2a0987000 may have been prematurely finalized
Native extension for Android target not found
Native extension for OSXStandalone target not found
Native extension for WebGL target not found
Refreshing native plugins compatible for Editor in 0.72 ms, found 2 plugins.
Preloading 0 native plugins for Editor in 0.00 ms.
Mono: successfully reloaded assembly
- Completed reload, in  0.826 seconds
Domain Reload Profiling:
	ReloadAssembly (826ms)
		BeginReloadAssembly (92ms)
			ExecutionOrderSort (0ms)
			DisableScriptedObjects (4ms)
			BackupInstance (0ms)
			ReleaseScriptingObjects (0ms)
			CreateAndSetChildDomain (37ms)
		EndReloadAssembly (681ms)
			LoadAssemblies (40ms)
			RebuildTransferFunctionScriptingTraits (0ms)
			SetupTypeCache (209ms)
			ReleaseScriptCaches (2ms)
			RebuildScriptCaches (35ms)
			SetupLoadedEditorAssemblies (337ms)
				LogAssemblyErrors (0ms)
				InitializePlatformSupportModulesInManaged (12ms)
				SetLoadedEditorAssemblies (0ms)
				RefreshPlugins (1ms)
				BeforeProcessingInitializeOnLoad (56ms)
				ProcessInitializeOnLoadAttributes (152ms)
				ProcessInitializeOnLoadMethodAttributes (113ms)
				AfterProcessingInitializeOnLoad (2ms)
				EditorAssembliesLoaded (0ms)
			ExecutionOrderSort2 (0ms)
			AwakeInstancesAfterBackupRestoration (11ms)
Platform modules already initialized, skipping
Refreshing native plugins compatible for Editor in 1.59 ms, found 2 plugins.
Preloading 0 native plugins for Editor in 0.00 ms.
Unloading 4551 Unused Serialized files (Serialized files now loaded: 0)
Unloading 52 unused Assets / (1.2 MB). Loaded Objects now: 5136.
Memory consumption went from 187.9 MB to 186.7 MB.
Total: 6.505083 ms (FindLiveObjects: 0.139500 ms CreateObjectMapping: 0.057250 ms MarkObjects: 5.859250 ms  DeleteObjects: 0.448250 ms)

AssetImportParameters requested are different than current active one (requested -> active):
  custom:video-decoder-ogg-theora: a1e56fd34408186e4bbccfd4996cb3dc -> 
  custom:container-muxer-webm: aa71ff27fc2769a1b78a27578f13a17b -> 
  custom:container-demuxer-webm: 4f35f7cbe854078d1ac9338744f61a02 -> 
  custom:video-encoder-webm-vp8: eb34c28f22e8b96e1ab97ce403110664 -> 
  custom:framework-osx-AVFoundation: e770b220cccbd017edd2c1fefb359320 -> 
  custom:audio-encoder-webm-vorbis: bf7c407c2cedff20999df2af8eb42d56 -> 
  custom:container-demuxer-ogg: 62fdf1f143b41e24485cea50d1cbac27 -> 
  custom:video-decoder-webm-vp8: 9c59270c3fd7afecdb556c50c9e8de78 -> 
  custom:audio-decoder-ogg-vorbis: bf7c407c2cedff20999df2af8eb42d56 -> 
========================================================================
Received Prepare
Registering precompiled user dll's ...
Registered in 0.001644 seconds.
Begin MonoManager ReloadAssembly
Thread 0x17f6c7000 may have been prematurely finalized
Native extension for Android target not found
Native extension for OSXStandalone target not found
Native extension for WebGL target not found
Refreshing native plugins compatible for Editor in 0.77 ms, found 2 plugins.
Preloading 0 native plugins for Editor in 0.00 ms.
Mono: successfully reloaded assembly
- Completed reload, in  0.907 seconds
Domain Reload Profiling:
	ReloadAssembly (907ms)
		BeginReloadAssembly (116ms)
			ExecutionOrderSort (0ms)
			DisableScriptedObjects (4ms)
			BackupInstance (0ms)
			ReleaseScriptingObjects (0ms)
			CreateAndSetChildDomain (57ms)
		EndReloadAssembly (735ms)
			LoadAssemblies (44ms)
			RebuildTransferFunctionScriptingTraits (0ms)
			SetupTypeCache (244ms)
			ReleaseScriptCaches (2ms)
			RebuildScriptCaches (39ms)
			SetupLoadedEditorAssemblies (344ms)
				LogAssemblyErrors (0ms)
				InitializePlatformSupportModulesInManaged (16ms)
				SetLoadedEditorAssemblies (0ms)
				RefreshPlugins (1ms)
				BeforeProcessingInitializeOnLoad (63ms)
				ProcessInitializeOnLoadAttributes (154ms)
				ProcessInitializeOnLoadMethodAttributes (110ms)
				AfterProcessingInitializeOnLoad (1ms)
				EditorAssembliesLoaded (0ms)
			ExecutionOrderSort2 (0ms)
			AwakeInstancesAfterBackupRestoration (8ms)
Platform modules already initialized, skipping
Refreshing native plugins compatible for Editor in 1.52 ms, found 2 plugins.
Preloading 0 native plugins for Editor in 0.00 ms.
Unloading 4551 Unused Serialized files (Serialized files now loaded: 0)
Unloading 52 unused Assets / (1.2 MB). Loaded Objects now: 5139.
Memory consumption went from 187.9 MB to 186.7 MB.
Total: 9.406583 ms (FindLiveObjects: 0.145584 ms CreateObjectMapping: 0.081500 ms MarkObjects: 8.616084 ms  DeleteObjects: 0.562042 ms)

AssetImportParameters requested are different than current active one (requested -> active):
  custom:video-decoder-ogg-theora: a1e56fd34408186e4bbccfd4996cb3dc -> 
  custom:container-muxer-webm: aa71ff27fc2769a1b78a27578f13a17b -> 
  custom:container-demuxer-webm: 4f35f7cbe854078d1ac9338744f61a02 -> 
  custom:video-encoder-webm-vp8: eb34c28f22e8b96e1ab97ce403110664 -> 
  custom:framework-osx-AVFoundation: e770b220cccbd017edd2c1fefb359320 -> 
  custom:audio-encoder-webm-vorbis: bf7c407c2cedff20999df2af8eb42d56 -> 
  custom:container-demuxer-ogg: 62fdf1f143b41e24485cea50d1cbac27 -> 
  custom:video-decoder-webm-vp8: 9c59270c3fd7afecdb556c50c9e8de78 -> 
  custom:audio-decoder-ogg-vorbis: bf7c407c2cedff20999df2af8eb42d56 -> 
========================================================================
Received Import Request.
  Time since last request: 955074.952404 seconds.
  path: Assets/ModAssets/Prefabs/Trail Prefabs/LaserTrail.prefab
  artifactKey: Guid(c6e20ffe6d2b946fb9896031aa048f90) Importer(815301076,1909f56bfc062723c751e8b465ee728b)
Start importing Assets/ModAssets/Prefabs/Trail Prefabs/LaserTrail.prefab using Guid(c6e20ffe6d2b946fb9896031aa048f90) Importer(815301076,1909f56bfc062723c751e8b465ee728b)  -> (artifact id: '248177b0bde58b72f7bfa2c4d22bbb5f') in 0.368951 seconds 
========================================================================
Received Import Request.
  Time since last request: 0.000156 seconds.
  path: Assets/ModAssets/Prefabs/Trail Prefabs/RainbowTrail.prefab
  artifactKey: Guid(d3ccf67055b3341468030d0fffd8d16f) Importer(815301076,1909f56bfc062723c751e8b465ee728b)
Start importing Assets/ModAssets/Prefabs/Trail Prefabs/RainbowTrail.prefab using Guid(d3ccf67055b3341468030d0fffd8d16f) Importer(815301076,1909f56bfc062723c751e8b465ee728b)  -> (artifact id: '99cc65d96c8f03716390b472336c68b6') in 0.010875 seconds 
========================================================================
Received Import Request.
  Time since last request: 2.697637 seconds.
  path: Assets/ModAssets/Prefabs/BillboardPrefabs/BillboardTall.prefab
  artifactKey: Guid(eb2165edd3e7844999a55b305c92b541) Importer(815301076,1909f56bfc062723c751e8b465ee728b)
Start importing Assets/ModAssets/Prefabs/BillboardPrefabs/BillboardTall.prefab using Guid(eb2165edd3e7844999a55b305c92b541) Importer(815301076,1909f56bfc062723c751e8b465ee728b)  -> (artifact id: '2113ad0f2213329153a6c625852036c8') in 0.796020 seconds 
========================================================================
Received Import Request.
  Time since last request: 0.000087 seconds.
  path: Assets/ModAssets/Prefabs/BillboardPrefabs/BillboardWide.prefab
  artifactKey: Guid(87a6cea72ce7247a2814467dab442418) Importer(815301076,1909f56bfc062723c751e8b465ee728b)
Start importing Assets/ModAssets/Prefabs/BillboardPrefabs/BillboardWide.prefab using Guid(87a6cea72ce7247a2814467dab442418) Importer(815301076,1909f56bfc062723c751e8b465ee728b)  -> (artifact id: '9c45dad367d26b7eae1e542f3a66ed05') in 0.008979 seconds 
========================================================================
Received Import Request.
  Time since last request: 2.071796 seconds.
  path: Assets/ModAssets/Prefabs/Hat Prefabs/TopHat.prefab
  artifactKey: Guid(774a4248793f3461bb91a4fe8170cdd7) Importer(815301076,1909f56bfc062723c751e8b465ee728b)
Start importing Assets/ModAssets/Prefabs/Hat Prefabs/TopHat.prefab using Guid(774a4248793f3461bb91a4fe8170cdd7) Importer(815301076,1909f56bfc062723c751e8b465ee728b)  -> (artifact id: 'd49841cc94d1406a01a750267edc4140') in 0.020374 seconds 
========================================================================
Received Import Request.
  Time since last request: 0.000035 seconds.
  path: Assets/ModAssets/Prefabs/Hat Prefabs/WizardHat.prefab
  artifactKey: Guid(942c2c1bb4e544cb09d3494e89bb8041) Importer(815301076,1909f56bfc062723c751e8b465ee728b)
Start importing Assets/ModAssets/Prefabs/Hat Prefabs/WizardHat.prefab using Guid(942c2c1bb4e544cb09d3494e89bb8041) Importer(815301076,1909f56bfc062723c751e8b465ee728b)  -> (artifact id: '7dc2434680eb458d3d408dad67de5d31') in 0.019058 seconds 
========================================================================
Received Import Request.
  Time since last request: 4.941865 seconds.
  path: Assets/ModAssets/Prefabs/Totems/Statue_Big.prefab
  artifactKey: Guid(04df6363b21362a46bcfbb6b371a8671) Importer(815301076,1909f56bfc062723c751e8b465ee728b)
Start importing Assets/ModAssets/Prefabs/Totems/Statue_Big.prefab using Guid(04df6363b21362a46bcfbb6b371a8671) Importer(815301076,1909f56bfc062723c751e8b465ee728b)  -> (artifact id: 'a81e15c17cc69e8d42e0c03496ba9246') in 0.775613 seconds 
========================================================================
Received Import Request.
  Time since last request: 0.000089 seconds.
  path: Assets/ModAssets/Prefabs/Totems/Statue_Wall.prefab
  artifactKey: Guid(edeaf041d2df0314eb55e3bf76b1b3a5) Importer(815301076,1909f56bfc062723c751e8b465ee728b)
Start importing Assets/ModAssets/Prefabs/Totems/Statue_Wall.prefab using Guid(edeaf041d2df0314eb55e3bf76b1b3a5) Importer(815301076,1909f56bfc062723c751e8b465ee728b)  -> (artifact id: '9c9b5830384b4ff18c0290b10a8e591d') in 0.007719 seconds 
========================================================================
Received Import Request.
  Time since last request: 12.635129 seconds.
  path: Assets/ModAssets/Fonts/BioRhymeExpanded-Regular SDF.asset
  artifactKey: Guid(2d0aaede2506c4ca0969c32576224028) Importer(815301076,1909f56bfc062723c751e8b465ee728b)
Start importing Assets/ModAssets/Fonts/BioRhymeExpanded-Regular SDF.asset using Guid(2d0aaede2506c4ca0969c32576224028) Importer(815301076,1909f56bfc062723c751e8b465ee728b)  -> (artifact id: 'beb082ac44ebf519dbd3e1c6c0ff48f1') in 0.199401 seconds 
========================================================================
Received Import Request.
  Time since last request: 0.000075 seconds.
  path: Assets/ModAssets/Fonts/Merriweather-Regular SDF.asset
  artifactKey: Guid(ea4179ba609564f33b822e1be581b321) Importer(815301076,1909f56bfc062723c751e8b465ee728b)
Start importing Assets/ModAssets/Fonts/Merriweather-Regular SDF.asset using Guid(ea4179ba609564f33b822e1be581b321) Importer(815301076,1909f56bfc062723c751e8b465ee728b)  -> (artifact id: 'd3518ee693889fe6362590a446e0845d') in 0.015654 seconds 
========================================================================
Received Import Request.
  Time since last request: 0.000045 seconds.
  path: Assets/ModAssets/Fonts/PressStart2P-Regular SDF.asset
  artifactKey: Guid(88003508be39e449cb51c48494e680cf) Importer(815301076,1909f56bfc062723c751e8b465ee728b)
Start importing Assets/ModAssets/Fonts/PressStart2P-Regular SDF.asset using Guid(88003508be39e449cb51c48494e680cf) Importer(815301076,1909f56bfc062723c751e8b465ee728b)  -> (artifact id: '72f091d6dea8c0b2e468d65eb3c7ef45') in 0.014656 seconds 
========================================================================
Received Import Request.
  Time since last request: 0.000042 seconds.
  path: Assets/ModAssets/Fonts/Orbitron-Regular SDF.asset
  artifactKey: Guid(d393f12bd75574ef991a7a2c74b29c69) Importer(815301076,1909f56bfc062723c751e8b465ee728b)
Start importing Assets/ModAssets/Fonts/Orbitron-Regular SDF.asset using Guid(d393f12bd75574ef991a7a2c74b29c69) Importer(815301076,1909f56bfc062723c751e8b465ee728b)  -> (artifact id: 'd5c67960614a494fe5d766d95a0c575f') in 0.018054 seconds 
========================================================================
Received Import Request.
  Time since last request: 1.332954 seconds.
  path: Assets/ModAssets/Textures/billboard_2D_basic_mask.png
  artifactKey: Guid(ddff50e8139db4a99976adb5f40c79f0) Importer(815301076,1909f56bfc062723c751e8b465ee728b)
Start importing Assets/ModAssets/Textures/billboard_2D_basic_mask.png using Guid(ddff50e8139db4a99976adb5f40c79f0) Importer(815301076,1909f56bfc062723c751e8b465ee728b)  -> (artifact id: 'ee44f035eb79a1e65732fffcd913fb1c') in 0.713822 seconds 
========================================================================
Received Import Request.
  Time since last request: 0.000067 seconds.
  path: Assets/ModAssets/Textures/billboard_2D_tall_mask.png
  artifactKey: Guid(bbe8d33a81a0549ce8ab1cee4aa7db2a) Importer(815301076,1909f56bfc062723c751e8b465ee728b)
Start importing Assets/ModAssets/Textures/billboard_2D_tall_mask.png using Guid(bbe8d33a81a0549ce8ab1cee4aa7db2a) Importer(815301076,1909f56bfc062723c751e8b465ee728b)  -> (artifact id: '7cbe539b87c27eaecbb9fcf457bf6422') in 0.013988 seconds 
========================================================================
Received Import Request.
  Time since last request: 0.000032 seconds.
  path: Assets/ModAssets/Textures/billboard_2D_wide_mask.png
  artifactKey: Guid(d88311d2ea92740ed9e0274f02825ccf) Importer(815301076,1909f56bfc062723c751e8b465ee728b)
Start importing Assets/ModAssets/Textures/billboard_2D_wide_mask.png using Guid(d88311d2ea92740ed9e0274f02825ccf) Importer(815301076,1909f56bfc062723c751e8b465ee728b)  -> (artifact id: 'c2b5e381a82673f0387b7dcafed57ba6') in 0.015515 seconds 
========================================================================
Received Import Request.
  Time since last request: 26.603380 seconds.
  path: Assets/FPS/Prefabs/Level/Rooms/Room_Medium.prefab
  artifactKey: Guid(35af8bf2573f2d9458eb42510e2d6006) Importer(815301076,1909f56bfc062723c751e8b465ee728b)
Start importing Assets/FPS/Prefabs/Level/Rooms/Room_Medium.prefab using Guid(35af8bf2573f2d9458eb42510e2d6006) Importer(815301076,1909f56bfc062723c751e8b465ee728b)  -> (artifact id: '0b75003ee45987712dd7c1e09bf0b93e') in 0.747677 seconds 
========================================================================
Received Import Request.
  Time since last request: 0.000075 seconds.
  path: Assets/FPS/Prefabs/Level/Rooms/Room_Small_Y.prefab
  artifactKey: Guid(5c1f92430588e114db439f8f71ad58e5) Importer(815301076,1909f56bfc062723c751e8b465ee728b)
Start importing Assets/FPS/Prefabs/Level/Rooms/Room_Small_Y.prefab using Guid(5c1f92430588e114db439f8f71ad58e5) Importer(815301076,1909f56bfc062723c751e8b465ee728b)  -> (artifact id: '744a9840edb7662c14bd16277e67843a') in 0.015063 seconds 
========================================================================
Received Import Request.
  Time since last request: 155.101222 seconds.
  path: Assets/FPS/Art/Models/Mesh_Health_Pickup.fbx
  artifactKey: Guid(93b1ab0ae86bdf7459bbdf258c9dec49) Importer(815301076,1909f56bfc062723c751e8b465ee728b)
Start importing Assets/FPS/Art/Models/Mesh_Health_Pickup.fbx using Guid(93b1ab0ae86bdf7459bbdf258c9dec49) Importer(815301076,1909f56bfc062723c751e8b465ee728b)  -> (artifact id: '732b92b812fea20c99c658a97182e418') in 0.452141 seconds 
========================================================================
Received Import Request.
  Time since last request: 0.000068 seconds.
  path: Assets/FPS/Art/Models/Mesh_Sun.fbx
  artifactKey: Guid(f209cbcd4a67646489eca6ff46530479) Importer(815301076,1909f56bfc062723c751e8b465ee728b)
Start importing Assets/FPS/Art/Models/Mesh_Sun.fbx using Guid(f209cbcd4a67646489eca6ff46530479) Importer(815301076,1909f56bfc062723c751e8b465ee728b)  -> (artifact id: 'c7b90c6b43a815f7f27bc0af121c3a4a') in 0.012165 seconds 
========================================================================
Received Import Request.
  Time since last request: 0.000031 seconds.
  path: Assets/FPS/Art/Models/Mesh_Weapon_Primary.fbx
  artifactKey: Guid(5d5281104f1c4314eba43965eb026bdb) Importer(815301076,1909f56bfc062723c751e8b465ee728b)
Start importing Assets/FPS/Art/Models/Mesh_Weapon_Primary.fbx using Guid(5d5281104f1c4314eba43965eb026bdb) Importer(815301076,1909f56bfc062723c751e8b465ee728b)  -> (artifact id: '429e655360413379c3323ad5eda0535c') in 0.079372 seconds 
========================================================================
Received Import Request.
  Time since last request: 3.579763 seconds.
  path: Assets/FPS/Art/Textures/Backgrounds/Unity_skyboxBG02.png
  artifactKey: Guid(91c91768bbde1d24da879a8907f0edd5) Importer(815301076,1909f56bfc062723c751e8b465ee728b)
Start importing Assets/FPS/Art/Textures/Backgrounds/Unity_skyboxBG02.png using Guid(91c91768bbde1d24da879a8907f0edd5) Importer(815301076,1909f56bfc062723c751e8b465ee728b)  -> (artifact id: '12c11f88e71af5d187922a829d1dbb6c') in 0.111086 seconds 
========================================================================
Received Import Request.
  Time since last request: 0.000053 seconds.
  path: Assets/FPS/Art/Textures/Backgrounds/UnityTutorial_Skybox05_4k.png
  artifactKey: Guid(0d0a423573bb73342ba21395be8500ad) Importer(815301076,1909f56bfc062723c751e8b465ee728b)
Start importing Assets/FPS/Art/Textures/Backgrounds/UnityTutorial_Skybox05_4k.png using Guid(0d0a423573bb73342ba21395be8500ad) Importer(815301076,1909f56bfc062723c751e8b465ee728b)  -> (artifact id: '8e3987896cfbb1162d7ae1e85e4db9cf') in 0.007800 seconds 
========================================================================
Received Import Request.
  Time since last request: 0.854889 seconds.
  path: Assets/FPS/Art/Textures/Characters/HoverBot_Body_AO.png
  artifactKey: Guid(935b24c9a7746c5479f1a8e91571a8ab) Importer(815301076,1909f56bfc062723c751e8b465ee728b)
Start importing Assets/FPS/Art/Textures/Characters/HoverBot_Body_AO.png using Guid(935b24c9a7746c5479f1a8e91571a8ab) Importer(815301076,1909f56bfc062723c751e8b465ee728b)  -> (artifact id: 'd96e81a0c77652805f35988d8cc48597') in 0.008019 seconds 
========================================================================
Received Import Request.
  Time since last request: 0.000064 seconds.
  path: Assets/FPS/Art/Textures/Characters/Turret_Glass_Albedo.png
  artifactKey: Guid(999498a7bbaf0ac4c9a87187d9154a02) Importer(815301076,1909f56bfc062723c751e8b465ee728b)
Start importing Assets/FPS/Art/Textures/Characters/Turret_Glass_Albedo.png using Guid(999498a7bbaf0ac4c9a87187d9154a02) Importer(815301076,1909f56bfc062723c751e8b465ee728b)  -> (artifact id: 'b2283878a167bcfc4bcc1450715cd217') in 0.004557 seconds 
========================================================================
Received Import Request.
  Time since last request: 0.000059 seconds.
  path: Assets/FPS/Art/Textures/Characters/Turret_Body_MetallicSmooth.png
  artifactKey: Guid(bc34b669148a64648bc66d09fc08dd97) Importer(815301076,1909f56bfc062723c751e8b465ee728b)
Start importing Assets/FPS/Art/Textures/Characters/Turret_Body_MetallicSmooth.png using Guid(bc34b669148a64648bc66d09fc08dd97) Importer(815301076,1909f56bfc062723c751e8b465ee728b)  -> (artifact id: 'f29ec74d58e2e7d08aa3fa14baea6126') in 0.004888 seconds 
========================================================================
Received Import Request.
  Time since last request: 0.000062 seconds.
  path: Assets/FPS/Art/Textures/Characters/HoverBot_Glass_Albedo.png
  artifactKey: Guid(656663e666410fd4fa5e9da4470a11e5) Importer(815301076,1909f56bfc062723c751e8b465ee728b)
Start importing Assets/FPS/Art/Textures/Characters/HoverBot_Glass_Albedo.png using Guid(656663e666410fd4fa5e9da4470a11e5) Importer(815301076,1909f56bfc062723c751e8b465ee728b)  -> (artifact id: 'f37e178a237f6e3ce6cc1e784f0f4e92') in 0.004631 seconds 
========================================================================
Received Import Request.
  Time since last request: 0.000042 seconds.
  path: Assets/FPS/Art/Textures/Characters/Turret_Body_Albedo.png
  artifactKey: Guid(2b69f8e6922e5dd44a04ac9b12005af7) Importer(815301076,1909f56bfc062723c751e8b465ee728b)
Start importing Assets/FPS/Art/Textures/Characters/Turret_Body_Albedo.png using Guid(2b69f8e6922e5dd44a04ac9b12005af7) Importer(815301076,1909f56bfc062723c751e8b465ee728b)  -> (artifact id: '726e469709c4f8252611ad093637badd') in 0.005037 seconds 
========================================================================
Received Import Request.
  Time since last request: 0.368260 seconds.
  path: Assets/FPS/Art/Textures/Pickups/HealthPickup_AO.png
  artifactKey: Guid(eea8ae6f986e93c4ea8ee71ef8316494) Importer(815301076,1909f56bfc062723c751e8b465ee728b)
Start importing Assets/FPS/Art/Textures/Pickups/HealthPickup_AO.png using Guid(eea8ae6f986e93c4ea8ee71ef8316494) Importer(815301076,1909f56bfc062723c751e8b465ee728b)  -> (artifact id: '0f8a39ab0a01867bf9d318803a7c3103') in 0.008118 seconds 
========================================================================
Received Import Request.
  Time since last request: 0.000061 seconds.
  path: Assets/FPS/Art/Textures/Pickups/Jetpack__Normal.png
  artifactKey: Guid(57271020c385379499e0d0e0ad84824c) Importer(815301076,1909f56bfc062723c751e8b465ee728b)
Start importing Assets/FPS/Art/Textures/Pickups/Jetpack__Normal.png using Guid(57271020c385379499e0d0e0ad84824c) Importer(815301076,1909f56bfc062723c751e8b465ee728b)  -> (artifact id: 'db3adc169622bf7ab207075d3572ad85') in 0.032395 seconds 
========================================================================
Received Import Request.
  Time since last request: 0.000068 seconds.
  path: Assets/FPS/Art/Textures/Pickups/Jetpack__MetallicSmooth.png
  artifactKey: Guid(e22e0a904feca9f4e8314f9ba5dc57e6) Importer(815301076,1909f56bfc062723c751e8b465ee728b)
Start importing Assets/FPS/Art/Textures/Pickups/Jetpack__MetallicSmooth.png using Guid(e22e0a904feca9f4e8314f9ba5dc57e6) Importer(815301076,1909f56bfc062723c751e8b465ee728b)  -> (artifact id: '183e26202c85da095892bda52eb7fc89') in 0.005410 seconds 
========================================================================
Received Import Request.
  Time since last request: 0.459960 seconds.
  path: Assets/FPS/Art/Textures/Props/StatueBig_AO.png
  artifactKey: Guid(44eff0bb44e97f541bd6a98e1d3db275) Importer(815301076,1909f56bfc062723c751e8b465ee728b)
Start importing Assets/FPS/Art/Textures/Props/StatueBig_AO.png using Guid(44eff0bb44e97f541bd6a98e1d3db275) Importer(815301076,1909f56bfc062723c751e8b465ee728b)  -> (artifact id: '592808f0f4d237bd55d217149f170e80') in 0.005595 seconds 
========================================================================
Received Import Request.
  Time since last request: 0.000042 seconds.
  path: Assets/FPS/Art/Textures/Props/WallStatue_AO.png
  artifactKey: Guid(7ce4c0badc2ab0a438848d86fb127b22) Importer(815301076,1909f56bfc062723c751e8b465ee728b)
Start importing Assets/FPS/Art/Textures/Props/WallStatue_AO.png using Guid(7ce4c0badc2ab0a438848d86fb127b22) Importer(815301076,1909f56bfc062723c751e8b465ee728b)  -> (artifact id: 'a11547b27e106156beee452c2138cc8d') in 0.005732 seconds 
========================================================================
Received Import Request.
  Time since last request: 0.000061 seconds.
  path: Assets/FPS/Art/Textures/Props/WallStatue_MetallicSmooth.png
  artifactKey: Guid(f13336d81e7f76b4ca3935373d9ed7e7) Importer(815301076,1909f56bfc062723c751e8b465ee728b)
Start importing Assets/FPS/Art/Textures/Props/WallStatue_MetallicSmooth.png using Guid(f13336d81e7f76b4ca3935373d9ed7e7) Importer(815301076,1909f56bfc062723c751e8b465ee728b)  -> (artifact id: '3244d0356a5b6edffcb5482f9137c4bc') in 0.005181 seconds 
========================================================================
Received Import Request.
  Time since last request: 0.000061 seconds.
  path: Assets/FPS/Art/Textures/Props/StatueBig_Normal.png
  artifactKey: Guid(1b8c2b2d5be41d84cb0f6f3acffaba19) Importer(815301076,1909f56bfc062723c751e8b465ee728b)
Start importing Assets/FPS/Art/Textures/Props/StatueBig_Normal.png using Guid(1b8c2b2d5be41d84cb0f6f3acffaba19) Importer(815301076,1909f56bfc062723c751e8b465ee728b)  -> (artifact id: '1fb103e098b6a0e91624ca95f4dfbbe4') in 0.006380 seconds 
========================================================================
Received Import Request.
  Time since last request: 0.000044 seconds.
  path: Assets/FPS/Art/Textures/Props/WallStatue_Albedo.png
  artifactKey: Guid(52e983557bdd8314abd22a38fb36db9e) Importer(815301076,1909f56bfc062723c751e8b465ee728b)
Start importing Assets/FPS/Art/Textures/Props/WallStatue_Albedo.png using Guid(52e983557bdd8314abd22a38fb36db9e) Importer(815301076,1909f56bfc062723c751e8b465ee728b)  -> (artifact id: 'c542c1a397cd8ce9301bb9f6cc090991') in 0.005216 seconds 
========================================================================
Received Import Request.
  Time since last request: 11.153190 seconds.
  path: Assets/FPS/Art/Materials/Level/Floor_DarkGrey_Transparent.mat
  artifactKey: Guid(f05e8e5444cff3449afff7ed27f6415e) Importer(815301076,1909f56bfc062723c751e8b465ee728b)
Start importing Assets/FPS/Art/Materials/Level/Floor_DarkGrey_Transparent.mat using Guid(f05e8e5444cff3449afff7ed27f6415e) Importer(815301076,1909f56bfc062723c751e8b465ee728b)  -> (artifact id: 'dbd072fe52e296eefac9a6ac6c76983d') in 0.813030 seconds 
========================================================================
Received Import Request.
  Time since last request: 0.000058 seconds.
  path: Assets/FPS/Art/Materials/Level/Floor_Grey_Transparent.mat
  artifactKey: Guid(a8a1aa4818fa7e945b782b5b93f3c3f5) Importer(815301076,1909f56bfc062723c751e8b465ee728b)
Start importing Assets/FPS/Art/Materials/Level/Floor_Grey_Transparent.mat using Guid(a8a1aa4818fa7e945b782b5b93f3c3f5) Importer(815301076,1909f56bfc062723c751e8b465ee728b)  -> (artifact id: '9c8ab6d2b615fa53ae61b8d111c6a0f8') in 0.008015 seconds 
========================================================================
Received Import Request.
  Time since last request: 0.000069 seconds.
  path: Assets/FPS/Art/Materials/Level/Sign_Orange.mat
  artifactKey: Guid(1151f4057e77ab5429143caedba0a672) Importer(815301076,1909f56bfc062723c751e8b465ee728b)
Start importing Assets/FPS/Art/Materials/Level/Sign_Orange.mat using Guid(1151f4057e77ab5429143caedba0a672) Importer(815301076,1909f56bfc062723c751e8b465ee728b)  -> (artifact id: 'c0964d0a46400e2cb4c856e8d421013d') in 0.007132 seconds 
========================================================================
Received Import Request.
  Time since last request: 0.000064 seconds.
  path: Assets/FPS/Art/Materials/Level/Sign_Green.mat
  artifactKey: Guid(807df0a3bd5fb484687907be1b8246c0) Importer(815301076,1909f56bfc062723c751e8b465ee728b)
Start importing Assets/FPS/Art/Materials/Level/Sign_Green.mat using Guid(807df0a3bd5fb484687907be1b8246c0) Importer(815301076,1909f56bfc062723c751e8b465ee728b)  -> (artifact id: 'a2de0a184b307f54e8d1856e46ba6e52') in 0.008001 seconds 
========================================================================
Received Import Request.
  Time since last request: 0.000062 seconds.
  path: Assets/FPS/Art/Materials/Level/Ramp_Blue.mat
  artifactKey: Guid(22237c12152745e4d9a8755b953703f5) Importer(815301076,1909f56bfc062723c751e8b465ee728b)
Start importing Assets/FPS/Art/Materials/Level/Ramp_Blue.mat using Guid(22237c12152745e4d9a8755b953703f5) Importer(815301076,1909f56bfc062723c751e8b465ee728b)  -> (artifact id: 'c0429ed578ec5de1afdc69a827567c21') in 0.007955 seconds 
========================================================================
Received Import Request.
  Time since last request: 0.000066 seconds.
  path: Assets/FPS/Art/Materials/Level/Wall_DarkGrey.mat
  artifactKey: Guid(1bb33c0d66db8ec4eb0dfefecc4c690f) Importer(815301076,1909f56bfc062723c751e8b465ee728b)
Start importing Assets/FPS/Art/Materials/Level/Wall_DarkGrey.mat using Guid(1bb33c0d66db8ec4eb0dfefecc4c690f) Importer(815301076,1909f56bfc062723c751e8b465ee728b)  -> (artifact id: 'e0986233a5687fd6d3ee60f8cc02f60d') in 0.007005 seconds 
========================================================================
Received Import Request.
  Time since last request: 121.898513 seconds.
  path: Assets/FPS/Prefabs/Enemies/Enemy_Turret.prefab
  artifactKey: Guid(e29d43f43cc5d82499dd9926e01847d3) Importer(815301076,1909f56bfc062723c751e8b465ee728b)
Start importing Assets/FPS/Prefabs/Enemies/Enemy_Turret.prefab using Guid(e29d43f43cc5d82499dd9926e01847d3) Importer(815301076,1909f56bfc062723c751e8b465ee728b)  -> (artifact id: '36c8213deeda9b51a64c3db864635b70') in 2.465225 seconds 
========================================================================
Received Import Request.
  Time since last request: 402.541056 seconds.
  path: Assets/AddOns/Mg3D_Food/Cheese.fbx
  artifactKey: Guid(47365cc78e5cfad41badc534e3d2b7e1) Importer(815301076,1909f56bfc062723c751e8b465ee728b)
Start importing Assets/AddOns/Mg3D_Food/Cheese.fbx using Guid(47365cc78e5cfad41badc534e3d2b7e1) Importer(815301076,1909f56bfc062723c751e8b465ee728b)  -> (artifact id: '3a34503d67573ea27667b8c4f3bbed1c') in 0.049595 seconds 
========================================================================
Received Import Request.
  Time since last request: 0.000067 seconds.
  path: Assets/AddOns/Mg3D_Food/Hamburger.fbx
  artifactKey: Guid(54b107e50acd7e24b96d7de887c68833) Importer(815301076,1909f56bfc062723c751e8b465ee728b)
Start importing Assets/AddOns/Mg3D_Food/Hamburger.fbx using Guid(54b107e50acd7e24b96d7de887c68833) Importer(815301076,1909f56bfc062723c751e8b465ee728b)  -> (artifact id: '14b85b2fa1e451dc7f1c8db81d8e17ca') in 0.040222 seconds 
========================================================================
Received Import Request.
  Time since last request: 0.000073 seconds.
  path: Assets/AddOns/Mg3D_Food/Olive.fbx
  artifactKey: Guid(bd232805ec57aa245a81c2df3f69f66a) Importer(815301076,1909f56bfc062723c751e8b465ee728b)
Start importing Assets/AddOns/Mg3D_Food/Olive.fbx using Guid(bd232805ec57aa245a81c2df3f69f66a) Importer(815301076,1909f56bfc062723c751e8b465ee728b)  -> (artifact id: 'e2fe602e3218c758a9ffbd6ac7839fd1') in 0.031963 seconds 
========================================================================
Received Prepare
Refreshing native plugins compatible for Editor in 8.72 ms, found 2 plugins.
Preloading 0 native plugins for Editor in 0.00 ms.
Unloading 51 Unused Serialized files (Serialized files now loaded: 0)
Unloading 50 unused Assets / (0.8 MB). Loaded Objects now: 5286.
Memory consumption went from 132.6 MB to 131.8 MB.
Total: 44.020416 ms (FindLiveObjects: 1.319084 ms CreateObjectMapping: 0.090292 ms MarkObjects: 42.118458 ms  DeleteObjects: 0.491459 ms)

AssetImportParameters requested are different than current active one (requested -> active):
  custom:video-decoder-ogg-theora: a1e56fd34408186e4bbccfd4996cb3dc -> 
  custom:container-muxer-webm: aa71ff27fc2769a1b78a27578f13a17b -> 
  custom:container-demuxer-webm: 4f35f7cbe854078d1ac9338744f61a02 -> 
  custom:video-encoder-webm-vp8: eb34c28f22e8b96e1ab97ce403110664 -> 
  custom:framework-osx-AVFoundation: e770b220cccbd017edd2c1fefb359320 -> 
  custom:audio-encoder-webm-vorbis: bf7c407c2cedff20999df2af8eb42d56 -> 
  custom:container-demuxer-ogg: 62fdf1f143b41e24485cea50d1cbac27 -> 
  custom:video-decoder-webm-vp8: 9c59270c3fd7afecdb556c50c9e8de78 -> 
  custom:audio-decoder-ogg-vorbis: bf7c407c2cedff20999df2af8eb42d56 -> 
========================================================================
Received Prepare
Refreshing native plugins compatible for Editor in 1.97 ms, found 2 plugins.
Preloading 0 native plugins for Editor in 0.00 ms.
Unloading 50 Unused Serialized files (Serialized files now loaded: 0)
Unloading 50 unused Assets / (0.9 MB). Loaded Objects now: 5286.
Memory consumption went from 132.6 MB to 131.7 MB.
Total: 7.464041 ms (FindLiveObjects: 0.162291 ms CreateObjectMapping: 0.061792 ms MarkObjects: 6.816166 ms  DeleteObjects: 0.422958 ms)

AssetImportParameters requested are different than current active one (requested -> active):
  custom:video-decoder-ogg-theora: a1e56fd34408186e4bbccfd4996cb3dc -> 
  custom:container-muxer-webm: aa71ff27fc2769a1b78a27578f13a17b -> 
  custom:container-demuxer-webm: 4f35f7cbe854078d1ac9338744f61a02 -> 
  custom:video-encoder-webm-vp8: eb34c28f22e8b96e1ab97ce403110664 -> 
  custom:framework-osx-AVFoundation: e770b220cccbd017edd2c1fefb359320 -> 
  custom:audio-encoder-webm-vorbis: bf7c407c2cedff20999df2af8eb42d56 -> 
  custom:container-demuxer-ogg: 62fdf1f143b41e24485cea50d1cbac27 -> 
  custom:video-decoder-webm-vp8: 9c59270c3fd7afecdb556c50c9e8de78 -> 
  custom:audio-decoder-ogg-vorbis: bf7c407c2cedff20999df2af8eb42d56 -> 
========================================================================
Received Prepare
Refreshing native plugins compatible for Editor in 1.90 ms, found 2 plugins.
Preloading 0 native plugins for Editor in 0.00 ms.
Unloading 50 Unused Serialized files (Serialized files now loaded: 0)
Unloading 50 unused Assets / (0.9 MB). Loaded Objects now: 5286.
Memory consumption went from 132.6 MB to 131.7 MB.
Total: 6.245125 ms (FindLiveObjects: 0.254959 ms CreateObjectMapping: 0.103458 ms MarkObjects: 5.400042 ms  DeleteObjects: 0.485584 ms)

AssetImportParameters requested are different than current active one (requested -> active):
  custom:video-decoder-ogg-theora: a1e56fd34408186e4bbccfd4996cb3dc -> 
  custom:container-muxer-webm: aa71ff27fc2769a1b78a27578f13a17b -> 
  custom:container-demuxer-webm: 4f35f7cbe854078d1ac9338744f61a02 -> 
  custom:video-encoder-webm-vp8: eb34c28f22e8b96e1ab97ce403110664 -> 
  custom:framework-osx-AVFoundation: e770b220cccbd017edd2c1fefb359320 -> 
  custom:audio-encoder-webm-vorbis: bf7c407c2cedff20999df2af8eb42d56 -> 
  custom:container-demuxer-ogg: 62fdf1f143b41e24485cea50d1cbac27 -> 
  custom:video-decoder-webm-vp8: 9c59270c3fd7afecdb556c50c9e8de78 -> 
  custom:audio-decoder-ogg-vorbis: bf7c407c2cedff20999df2af8eb42d56 -> 
========================================================================
Received Import Request.
  Time since last request: 229.965691 seconds.
  path: Assets/AddOns/Mg3D_Food/Cheese.fbx
  artifactKey: Guid(47365cc78e5cfad41badc534e3d2b7e1) Importer(815301076,1909f56bfc062723c751e8b465ee728b)
Start importing Assets/AddOns/Mg3D_Food/Cheese.fbx using Guid(47365cc78e5cfad41badc534e3d2b7e1) Importer(815301076,1909f56bfc062723c751e8b465ee728b)  -> (artifact id: '649646ed6f4fb16d0f1ce57634c73fe8') in 2.086207 seconds 
========================================================================
Received Import Request.
  Time since last request: 0.000136 seconds.
  path: Assets/AddOns/Mg3D_Food/Watermelon.fbx
  artifactKey: Guid(7977e423937da9b48aac1866c67bb5be) Importer(815301076,1909f56bfc062723c751e8b465ee728b)
Start importing Assets/AddOns/Mg3D_Food/Watermelon.fbx using Guid(7977e423937da9b48aac1866c67bb5be) Importer(815301076,1909f56bfc062723c751e8b465ee728b)  -> (artifact id: '176387d4e5a3e494115d57c9c8f9e5e4') in 0.029682 seconds 
========================================================================
Received Import Request.
  Time since last request: 0.000048 seconds.
  path: Assets/AddOns/Mg3D_Food/Cherry.fbx
  artifactKey: Guid(da4eeef492c0d1842963d6576330682d) Importer(815301076,1909f56bfc062723c751e8b465ee728b)
Start importing Assets/AddOns/Mg3D_Food/Cherry.fbx using Guid(da4eeef492c0d1842963d6576330682d) Importer(815301076,1909f56bfc062723c751e8b465ee728b)  -> (artifact id: '5fc06ee8daab7ea7a02874044f67f7ae') in 0.018441 seconds 
========================================================================
Received Import Request.
  Time since last request: 0.000058 seconds.
  path: Assets/AddOns/Mg3D_Food/Hotdog.fbx
  artifactKey: Guid(fdc7d8dffa381b54cb7740b8761d54c0) Importer(815301076,1909f56bfc062723c751e8b465ee728b)
Start importing Assets/AddOns/Mg3D_Food/Hotdog.fbx using Guid(fdc7d8dffa381b54cb7740b8761d54c0) Importer(815301076,1909f56bfc062723c751e8b465ee728b)  -> (artifact id: 'c7d15ca904bbb08b6cdcfeb5a28e8362') in 0.019125 seconds 
